#
# There is insufficient memory for the Java Runtime Environment to continue.
# Native memory allocation (malloc) failed to allocate 1256976 bytes for Chunk::new
# Possible reasons:
#   The system is out of physical RAM or swap space
#   The process is running with CompressedOops enabled, and the Java Heap may be blocking the growth of the native heap
# Possible solutions:
#   Reduce memory load on the system
#   Increase physical memory or swap space
#   Check if swap backing store is full
#   Decrease Java heap size (-Xmx/-Xms)
#   Decrease number of Java threads
#   Decrease Java thread stack sizes (-Xss)
#   Set larger code cache with -XX:ReservedCodeCacheSize=
#   JVM is running with Unscaled Compressed Oops mode in which the Java heap is
#     placed in the first 4GB address space. The Java Heap base address is the
#     maximum limit for the native heap growth. Please use -XX:HeapBaseMinAddress
#     to set the Java Heap base and to place the Java Heap above 4GB virtual address.
# This output file may be truncated or incomplete.
#
#  Out of Memory Error (arena.cpp:189), pid=13404, tid=14712
#
# JRE version: Java(TM) SE Runtime Environment (17.0.10+11) (build 17.0.10+11-LTS-240)
# Java VM: Java HotSpot(TM) 64-Bit Server VM (17.0.10+11-LTS-240, mixed mode, sharing, tiered, compressed oops, compressed class ptrs, g1 gc, windows-amd64)
# No core dump will be written. Minidumps are not enabled by default on client versions of Windows
#

---------------  S U M M A R Y ------------

Command Line: --add-opens=java.base/java.util=ALL-UNNAMED --add-opens=java.base/java.lang=ALL-UNNAMED --add-opens=java.base/java.lang.invoke=ALL-UNNAMED --add-opens=java.prefs/java.util.prefs=ALL-UNNAMED --add-opens=java.base/java.nio.charset=ALL-UNNAMED --add-opens=java.base/java.net=ALL-UNNAMED --add-opens=java.base/java.util.concurrent.atomic=ALL-UNNAMED -XX:MaxMetaspaceSize=384m -XX:+HeapDumpOnOutOfMemoryError -Xms256m -Xmx512m -Dfile.encoding=windows-1252 -Duser.country=US -Duser.language=en -Duser.variant -javaagent:C:\Users\asus\.gradle\wrapper\dists\gradle-8.8-bin\dl7vupf4psengwqhwktix4v1\gradle-8.8\lib\agents\gradle-instrumentation-agent-8.8.jar org.gradle.launcher.daemon.bootstrap.GradleDaemon 8.8

Host: Intel(R) Core(TM) i5-9300H CPU @ 2.40GHz, 8 cores, 7G,  Windows 10 , 64 bit Build 19041 (10.0.19041.4597)
Time: Tue Jul 23 14:27:29 2024 SE Asia Standard Time elapsed time: 1039.056350 seconds (0d 0h 17m 19s)

---------------  T H R E A D  ---------------

Current thread (0x000001d0250a9620):  JavaThread "C2 CompilerThread1" daemon [_thread_in_native, id=14712, stack(0x0000005674e00000,0x0000005674f00000)]


Current CompileTask:
C2:1039057 12929       4       io.spring.gradle.dependencymanagement.org.apache.maven.model.inheritance.DefaultInheritanceAssembler$InheritanceModelMerger::mergePlugin (71 bytes)

Stack: [0x0000005674e00000,0x0000005674f00000]
Native frames: (J=compiled Java code, j=interpreted, Vv=VM code, C=native code)
V  [jvm.dll+0x677a5a]
V  [jvm.dll+0x7d8b2d]
V  [jvm.dll+0x7da48e]
V  [jvm.dll+0x7daaf3]
V  [jvm.dll+0x2455ff]
V  [jvm.dll+0xaaafb]
V  [jvm.dll+0xab09c]
V  [jvm.dll+0x361b5f]
V  [jvm.dll+0x32c211]
V  [jvm.dll+0x32b6aa]
V  [jvm.dll+0x21794f]
V  [jvm.dll+0x216d81]
V  [jvm.dll+0x1a3410]
V  [jvm.dll+0x226aeb]
V  [jvm.dll+0x224cab]
V  [jvm.dll+0x78e45c]
V  [jvm.dll+0x78888a]
V  [jvm.dll+0x676935]
C  [ucrtbase.dll+0x21bb2]
C  [KERNEL32.DLL+0x17374]
C  [ntdll.dll+0x4cc91]


---------------  P R O C E S S  ---------------

Threads class SMR info:
_java_thread_list=0x000001d07e85da90, length=131, elements={
0x000001d06c93a2a0, 0x000001d078234f70, 0x000001d078235d00, 0x000001d07824aa40,
0x000001d07824b7d0, 0x000001d07824f1c0, 0x000001d07824fa90, 0x000001d078254c50,
0x000001d07825fa30, 0x000001d07826bf70, 0x000001d07821d590, 0x000001d078508ff0,
0x000001d07e028450, 0x000001d07e051600, 0x000001d07e1350f0, 0x000001d07e2a0e50,
0x000001d07e29f500, 0x000001d07e29eff0, 0x000001d07e29dbb0, 0x000001d07e29fa10,
0x000001d07e9864d0, 0x000001d07e9869e0, 0x000001d07e989770, 0x000001d07e986ef0,
0x000001d07e988d50, 0x000001d07e988330, 0x000001d07e989c80, 0x000001d07e987400,
0x000001d07e987e20, 0x000001d0257b9480, 0x000001d024317d50, 0x000001d02431a0c0,
0x000001d02431c430, 0x000001d02431c940, 0x000001d024317330, 0x000001d024318770,
0x000001d02431aae0, 0x000001d024316910, 0x000001d02431aff0, 0x000001d024318260,
0x000001d024317840, 0x000001d02431ce50, 0x000001d0250a9620, 0x000001d02431d360,
0x000001d0243196a0, 0x000001d024319190, 0x000001d024315ef0, 0x000001d02431ba10,
0x000001d024318c80, 0x000001d02431d870, 0x000001d024316e20, 0x000001d024319bb0,
0x000001d024316400, 0x000001d0241f5f20, 0x000001d0241f5a10, 0x000001d0241f1d50,
0x000001d0241eeab0, 0x000001d0241ef9e0, 0x000001d0241f6430, 0x000001d0241eefc0,
0x000001d0241f3bb0, 0x000001d0241ef4d0, 0x000001d0241f0e20, 0x000001d0241efef0,
0x000001d0241f45d0, 0x000001d0241f0910, 0x000001d0241f1330, 0x000001d0241f2260,
0x000001d0241f4ff0, 0x000001d0241f2770, 0x000001d0241f5500, 0x000001d0241f1840,
0x000001d0241f2c80, 0x000001d0241f4ae0, 0x000001d0241f3190, 0x000001d0241f36a0,
0x000001d0241f40c0, 0x000001d0257bb2e0, 0x000001d0257bb7f0, 0x000001d0257b9990,
0x000001d0257bdb60, 0x000001d0257b9ea0, 0x000001d0257bc720, 0x000001d0257ba3b0,
0x000001d0257ba8c0, 0x000001d0257badd0, 0x000001d0257bbd00, 0x000001d0257b8550,
0x000001d0257b8a60, 0x000001d0257bc210, 0x000001d0257bcc30, 0x000001d0257bd140,
0x000001d0257bd650, 0x000001d0257be070, 0x000001d0257be580, 0x000001d0257befa0,
0x000001d0257bea90, 0x000001d0257b8f70, 0x000001d0257b7b30, 0x000001d0257bf4b0,
0x000001d0257b8040, 0x000001d025ee7220, 0x000001d025ee4eb0, 0x000001d025ee7c40,
0x000001d025eeaee0, 0x000001d025ee8660, 0x000001d025ee8150, 0x000001d025eea9d0,
0x000001d025ee8b70, 0x000001d025ee9fb0, 0x000001d025eeb3f0, 0x000001d025ee5de0,
0x000001d025ee6d10, 0x000001d025ee6800, 0x000001d025eeb900, 0x000001d025ee9080,
0x000001d025ee4490, 0x000001d025ee9590, 0x000001d025eebe10, 0x000001d025eea4c0,
0x000001d025ee49a0, 0x000001d025ee7730, 0x000001d07e29ff20, 0x000001d07e29d6a0,
0x000001d07e29e0c0, 0x000001d07e2a0430, 0x000001d07e29e5d0, 0x000001d07e2a0940,
0x000001d07e987910, 0x000001d07e989260, 0x000001d07e988840
}

Java Threads: ( => current thread )
  0x000001d06c93a2a0 JavaThread "main" [_thread_blocked, id=7340, stack(0x0000005672c00000,0x0000005672d00000)]
  0x000001d078234f70 JavaThread "Reference Handler" daemon [_thread_blocked, id=9748, stack(0x0000005673300000,0x0000005673400000)]
  0x000001d078235d00 JavaThread "Finalizer" daemon [_thread_blocked, id=10884, stack(0x0000005673400000,0x0000005673500000)]
  0x000001d07824aa40 JavaThread "Signal Dispatcher" daemon [_thread_blocked, id=16556, stack(0x0000005673500000,0x0000005673600000)]
  0x000001d07824b7d0 JavaThread "Attach Listener" daemon [_thread_blocked, id=13220, stack(0x0000005673600000,0x0000005673700000)]
  0x000001d07824f1c0 JavaThread "Service Thread" daemon [_thread_blocked, id=1244, stack(0x0000005673700000,0x0000005673800000)]
  0x000001d07824fa90 JavaThread "Monitor Deflation Thread" daemon [_thread_blocked, id=10672, stack(0x0000005673800000,0x0000005673900000)]
  0x000001d078254c50 JavaThread "C2 CompilerThread0" daemon [_thread_in_vm, id=17204, stack(0x0000005673900000,0x0000005673a00000)]
  0x000001d07825fa30 JavaThread "C1 CompilerThread0" daemon [_thread_blocked, id=17384, stack(0x0000005673a00000,0x0000005673b00000)]
  0x000001d07826bf70 JavaThread "Sweeper thread" daemon [_thread_blocked, id=18988, stack(0x0000005673b00000,0x0000005673c00000)]
  0x000001d07821d590 JavaThread "Common-Cleaner" daemon [_thread_blocked, id=5020, stack(0x0000005673c00000,0x0000005673d00000)]
  0x000001d078508ff0 JavaThread "Notification Thread" daemon [_thread_blocked, id=13888, stack(0x0000005673d00000,0x0000005673e00000)]
  0x000001d07e028450 JavaThread "Daemon health stats" [_thread_blocked, id=676, stack(0x0000005674000000,0x0000005674100000)]
  0x000001d07e051600 JavaThread "Incoming local TCP Connector on port 55431" [_thread_in_native, id=10932, stack(0x0000005674600000,0x0000005674700000)]
  0x000001d07e1350f0 JavaThread "Daemon periodic checks" [_thread_blocked, id=15616, stack(0x0000005674700000,0x0000005674800000)]
  0x000001d07e2a0e50 JavaThread "Cache worker for journal cache (C:\Users\asus\.gradle\caches\journal-1)" [_thread_blocked, id=14384, stack(0x0000005673f00000,0x0000005674000000)]
  0x000001d07e29f500 JavaThread "File lock request listener" [_thread_in_native, id=9384, stack(0x0000005674f00000,0x0000005675000000)]
  0x000001d07e29eff0 JavaThread "Cache worker for file hash cache (C:\Users\asus\.gradle\caches\8.8\fileHashes)" [_thread_blocked, id=15888, stack(0x0000005675100000,0x0000005675200000)]
  0x000001d07e29dbb0 JavaThread "File watcher server" daemon [_thread_in_native, id=9280, stack(0x0000005675600000,0x0000005675700000)]
  0x000001d07e29fa10 JavaThread "File watcher consumer" daemon [_thread_blocked, id=19024, stack(0x0000005675800000,0x0000005675900000)]
  0x000001d07e9864d0 JavaThread "jar transforms" [_thread_blocked, id=7764, stack(0x0000005675900000,0x0000005675a00000)]
  0x000001d07e9869e0 JavaThread "jar transforms Thread 2" [_thread_blocked, id=1176, stack(0x0000005675a00000,0x0000005675b00000)]
  0x000001d07e989770 JavaThread "jar transforms Thread 3" [_thread_blocked, id=6888, stack(0x0000005675b00000,0x0000005675c00000)]
  0x000001d07e986ef0 JavaThread "jar transforms Thread 4" [_thread_blocked, id=7876, stack(0x0000005675c00000,0x0000005675d00000)]
  0x000001d07e988d50 JavaThread "jar transforms Thread 5" [_thread_blocked, id=2744, stack(0x0000005675d00000,0x0000005675e00000)]
  0x000001d07e988330 JavaThread "jar transforms Thread 6" [_thread_blocked, id=9840, stack(0x0000005675e00000,0x0000005675f00000)]
  0x000001d07e989c80 JavaThread "jar transforms Thread 7" [_thread_blocked, id=17648, stack(0x0000005675f00000,0x0000005676000000)]
  0x000001d07e987400 JavaThread "jar transforms Thread 8" [_thread_blocked, id=7768, stack(0x0000005676000000,0x0000005676100000)]
  0x000001d07e987e20 JavaThread "Cache worker for file content cache (C:\Users\asus\.gradle\caches\8.8\fileContent)" [_thread_blocked, id=4668, stack(0x0000005676200000,0x0000005676300000)]
  0x000001d0257b9480 JavaThread "Memory manager" [_thread_blocked, id=14072, stack(0x0000005679100000,0x0000005679200000)]
  0x000001d024317d50 JavaThread "Daemon Thread 2" [_thread_blocked, id=14416, stack(0x0000005672900000,0x0000005672a00000)]
  0x000001d02431a0c0 JavaThread "Daemon Thread 3" [_thread_blocked, id=17628, stack(0x0000005672a00000,0x0000005672b00000)]
  0x000001d02431c430 JavaThread "Handler for socket connection from /127.0.0.1:55431 to /127.0.0.1:55830" [_thread_in_native, id=10696, stack(0x0000005674800000,0x0000005674900000)]
  0x000001d02431c940 JavaThread "Cancel handler" [_thread_blocked, id=16804, stack(0x0000005674900000,0x0000005674a00000)]
  0x000001d024317330 JavaThread "Daemon worker Thread 2" [_thread_in_Java, id=18420, stack(0x0000005674a00000,0x0000005674b00000)]
  0x000001d024318770 JavaThread "Asynchronous log dispatcher for DefaultDaemonConnection: socket connection from /127.0.0.1:55431 to /127.0.0.1:55830" [_thread_blocked, id=4364, stack(0x0000005674b00000,0x0000005674c00000)]
  0x000001d02431aae0 JavaThread "Stdin handler" [_thread_blocked, id=16840, stack(0x0000005672b00000,0x0000005672c00000)]
  0x000001d024316910 JavaThread "Daemon client event forwarder" [_thread_blocked, id=17552, stack(0x0000005674c00000,0x0000005674d00000)]
  0x000001d02431aff0 JavaThread "Cache worker for file hash cache (D:\CodeGym\module4\module 4\ss8_validation\Thuc_hanh\customize-phone-validate\.gradle\8.8\fileHashes)" [_thread_blocked, id=5696, stack(0x0000005674d00000,0x0000005674e00000)]
  0x000001d024318260 JavaThread "Cache worker for checksums cache (D:\CodeGym\module4\module 4\ss8_validation\Thuc_hanh\customize-phone-validate\.gradle\8.8\checksums)" [_thread_blocked, id=3496, stack(0x0000005675000000,0x0000005675100000)]
  0x000001d024317840 JavaThread "Cache worker for cache directory md-rule (C:\Users\asus\.gradle\caches\8.8\md-rule)" [_thread_blocked, id=12344, stack(0x0000005675400000,0x0000005675500000)]
  0x000001d02431ce50 JavaThread "Cache worker for cache directory md-supplier (C:\Users\asus\.gradle\caches\8.8\md-supplier)" [_thread_blocked, id=6344, stack(0x0000005675500000,0x0000005675600000)]
=>0x000001d0250a9620 JavaThread "C2 CompilerThread1" daemon [_thread_in_native, id=14712, stack(0x0000005674e00000,0x0000005674f00000)]
  0x000001d02431d360 JavaThread "Cache worker for Build Output Cleanup Cache (D:\CodeGym\module4\module 4\ss8_validation\Thuc_hanh\customize-phone-validate\.gradle\buildOutputCleanup)" [_thread_blocked, id=17592, stack(0x0000005676100000,0x0000005676200000)]
  0x000001d0243196a0 JavaThread "Unconstrained build operations" [_thread_blocked, id=18844, stack(0x0000005676300000,0x0000005676400000)]
  0x000001d024319190 JavaThread "Unconstrained build operations Thread 2" [_thread_blocked, id=19116, stack(0x0000005676400000,0x0000005676500000)]
  0x000001d024315ef0 JavaThread "Unconstrained build operations Thread 3" [_thread_blocked, id=6960, stack(0x0000005676600000,0x0000005676700000)]
  0x000001d02431ba10 JavaThread "Unconstrained build operations Thread 4" [_thread_blocked, id=13136, stack(0x0000005676700000,0x0000005676800000)]
  0x000001d024318c80 JavaThread "Unconstrained build operations Thread 5" [_thread_blocked, id=14620, stack(0x0000005676800000,0x0000005676900000)]
  0x000001d02431d870 JavaThread "Unconstrained build operations Thread 6" [_thread_blocked, id=1924, stack(0x0000005676900000,0x0000005676a00000)]
  0x000001d024316e20 JavaThread "Unconstrained build operations Thread 7" [_thread_blocked, id=17928, stack(0x0000005676a00000,0x0000005676b00000)]
  0x000001d024319bb0 JavaThread "Unconstrained build operations Thread 8" [_thread_blocked, id=9892, stack(0x0000005676b00000,0x0000005676c00000)]
  0x000001d024316400 JavaThread "Unconstrained build operations Thread 9" [_thread_blocked, id=7176, stack(0x0000005676c00000,0x0000005676d00000)]
  0x000001d0241f5f20 JavaThread "Unconstrained build operations Thread 10" [_thread_blocked, id=10592, stack(0x0000005676d00000,0x0000005676e00000)]
  0x000001d0241f5a10 JavaThread "Unconstrained build operations Thread 11" [_thread_blocked, id=456, stack(0x0000005676e00000,0x0000005676f00000)]
  0x000001d0241f1d50 JavaThread "Unconstrained build operations Thread 12" [_thread_blocked, id=13912, stack(0x0000005676f00000,0x0000005677000000)]
  0x000001d0241eeab0 JavaThread "Unconstrained build operations Thread 13" [_thread_blocked, id=17516, stack(0x0000005677000000,0x0000005677100000)]
  0x000001d0241ef9e0 JavaThread "Unconstrained build operations Thread 14" [_thread_blocked, id=9812, stack(0x0000005677100000,0x0000005677200000)]
  0x000001d0241f6430 JavaThread "ForkJoinPool.commonPool-worker-8" daemon [_thread_blocked, id=9096, stack(0x0000005677200000,0x0000005677300000)]
  0x000001d0241eefc0 JavaThread "ForkJoinPool.commonPool-worker-9" daemon [_thread_blocked, id=18848, stack(0x0000005677300000,0x0000005677400000)]
  0x000001d0241f3bb0 JavaThread "ForkJoinPool.commonPool-worker-10" daemon [_thread_blocked, id=7240, stack(0x0000005677400000,0x0000005677500000)]
  0x000001d0241ef4d0 JavaThread "ForkJoinPool.commonPool-worker-11" daemon [_thread_blocked, id=5708, stack(0x0000005677500000,0x0000005677600000)]
  0x000001d0241f0e20 JavaThread "ForkJoinPool.commonPool-worker-12" daemon [_thread_blocked, id=19060, stack(0x0000005677600000,0x0000005677700000)]
  0x000001d0241efef0 JavaThread "ForkJoinPool.commonPool-worker-13" daemon [_thread_blocked, id=9124, stack(0x0000005677700000,0x0000005677800000)]
  0x000001d0241f45d0 JavaThread "ForkJoinPool.commonPool-worker-14" daemon [_thread_blocked, id=9424, stack(0x0000005677b00000,0x0000005677c00000)]
  0x000001d0241f0910 JavaThread "Unconstrained build operations Thread 15" [_thread_blocked, id=1744, stack(0x0000005677c00000,0x0000005677d00000)]
  0x000001d0241f1330 JavaThread "Unconstrained build operations Thread 16" [_thread_blocked, id=4308, stack(0x0000005677d00000,0x0000005677e00000)]
  0x000001d0241f2260 JavaThread "Unconstrained build operations Thread 17" [_thread_blocked, id=17716, stack(0x0000005677e00000,0x0000005677f00000)]
  0x000001d0241f4ff0 JavaThread "Unconstrained build operations Thread 18" [_thread_blocked, id=15636, stack(0x0000005677f00000,0x0000005678000000)]
  0x000001d0241f2770 JavaThread "Unconstrained build operations Thread 19" [_thread_blocked, id=11268, stack(0x0000005678000000,0x0000005678100000)]
  0x000001d0241f5500 JavaThread "Unconstrained build operations Thread 20" [_thread_blocked, id=6804, stack(0x0000005678100000,0x0000005678200000)]
  0x000001d0241f1840 JavaThread "Unconstrained build operations Thread 21" [_thread_blocked, id=14752, stack(0x0000005678200000,0x0000005678300000)]
  0x000001d0241f2c80 JavaThread "Unconstrained build operations Thread 22" [_thread_blocked, id=6668, stack(0x0000005678300000,0x0000005678400000)]
  0x000001d0241f4ae0 JavaThread "Unconstrained build operations Thread 23" [_thread_blocked, id=4184, stack(0x0000005678400000,0x0000005678500000)]
  0x000001d0241f3190 JavaThread "Unconstrained build operations Thread 24" [_thread_blocked, id=14608, stack(0x0000005678500000,0x0000005678600000)]
  0x000001d0241f36a0 JavaThread "Unconstrained build operations Thread 25" [_thread_blocked, id=18556, stack(0x0000005678600000,0x0000005678700000)]
  0x000001d0241f40c0 JavaThread "Unconstrained build operations Thread 26" [_thread_blocked, id=2020, stack(0x0000005678700000,0x0000005678800000)]
  0x000001d0257bb2e0 JavaThread "Unconstrained build operations Thread 27" [_thread_blocked, id=4324, stack(0x0000005678800000,0x0000005678900000)]
  0x000001d0257bb7f0 JavaThread "Unconstrained build operations Thread 28" [_thread_blocked, id=17520, stack(0x0000005678900000,0x0000005678a00000)]
  0x000001d0257b9990 JavaThread "Unconstrained build operations Thread 29" [_thread_blocked, id=18636, stack(0x0000005678a00000,0x0000005678b00000)]
  0x000001d0257bdb60 JavaThread "Unconstrained build operations Thread 30" [_thread_blocked, id=12968, stack(0x0000005678b00000,0x0000005678c00000)]
  0x000001d0257b9ea0 JavaThread "Unconstrained build operations Thread 31" [_thread_blocked, id=4856, stack(0x0000005678c00000,0x0000005678d00000)]
  0x000001d0257bc720 JavaThread "Unconstrained build operations Thread 32" [_thread_blocked, id=5912, stack(0x0000005678d00000,0x0000005678e00000)]
  0x000001d0257ba3b0 JavaThread "Unconstrained build operations Thread 33" [_thread_blocked, id=11944, stack(0x0000005678e00000,0x0000005678f00000)]
  0x000001d0257ba8c0 JavaThread "Unconstrained build operations Thread 34" [_thread_blocked, id=1668, stack(0x0000005678f00000,0x0000005679000000)]
  0x000001d0257badd0 JavaThread "Unconstrained build operations Thread 35" [_thread_blocked, id=12320, stack(0x0000005679000000,0x0000005679100000)]
  0x000001d0257bbd00 JavaThread "Unconstrained build operations Thread 36" [_thread_blocked, id=10340, stack(0x0000005679200000,0x0000005679300000)]
  0x000001d0257b8550 JavaThread "Unconstrained build operations Thread 37" [_thread_blocked, id=14316, stack(0x0000005679300000,0x0000005679400000)]
  0x000001d0257b8a60 JavaThread "Unconstrained build operations Thread 38" [_thread_blocked, id=15412, stack(0x0000005679400000,0x0000005679500000)]
  0x000001d0257bc210 JavaThread "Unconstrained build operations Thread 39" [_thread_blocked, id=12956, stack(0x0000005679500000,0x0000005679600000)]
  0x000001d0257bcc30 JavaThread "Unconstrained build operations Thread 40" [_thread_blocked, id=17148, stack(0x0000005679600000,0x0000005679700000)]
  0x000001d0257bd140 JavaThread "Unconstrained build operations Thread 41" [_thread_blocked, id=18156, stack(0x0000005679700000,0x0000005679800000)]
  0x000001d0257bd650 JavaThread "Unconstrained build operations Thread 42" [_thread_blocked, id=17080, stack(0x0000005679800000,0x0000005679900000)]
  0x000001d0257be070 JavaThread "Unconstrained build operations Thread 43" [_thread_blocked, id=1740, stack(0x0000005679900000,0x0000005679a00000)]
  0x000001d0257be580 JavaThread "Unconstrained build operations Thread 44" [_thread_blocked, id=18108, stack(0x0000005679a00000,0x0000005679b00000)]
  0x000001d0257befa0 JavaThread "Unconstrained build operations Thread 45" [_thread_blocked, id=17500, stack(0x0000005679b00000,0x0000005679c00000)]
  0x000001d0257bea90 JavaThread "Unconstrained build operations Thread 46" [_thread_blocked, id=19260, stack(0x0000005679c00000,0x0000005679d00000)]
  0x000001d0257b8f70 JavaThread "Unconstrained build operations Thread 47" [_thread_blocked, id=3492, stack(0x0000005679d00000,0x0000005679e00000)]
  0x000001d0257b7b30 JavaThread "Unconstrained build operations Thread 48" [_thread_blocked, id=17920, stack(0x0000005679e00000,0x0000005679f00000)]
  0x000001d0257bf4b0 JavaThread "Unconstrained build operations Thread 49" [_thread_blocked, id=4528, stack(0x0000005679f00000,0x000000567a000000)]
  0x000001d0257b8040 JavaThread "Unconstrained build operations Thread 50" [_thread_blocked, id=1572, stack(0x000000567a000000,0x000000567a100000)]
  0x000001d025ee7220 JavaThread "Unconstrained build operations Thread 51" [_thread_blocked, id=300, stack(0x000000567a100000,0x000000567a200000)]
  0x000001d025ee4eb0 JavaThread "Unconstrained build operations Thread 52" [_thread_blocked, id=1812, stack(0x000000567a200000,0x000000567a300000)]
  0x000001d025ee7c40 JavaThread "Unconstrained build operations Thread 53" [_thread_blocked, id=19096, stack(0x000000567a300000,0x000000567a400000)]
  0x000001d025eeaee0 JavaThread "Unconstrained build operations Thread 54" [_thread_blocked, id=16908, stack(0x000000567a400000,0x000000567a500000)]
  0x000001d025ee8660 JavaThread "Unconstrained build operations Thread 55" [_thread_blocked, id=10328, stack(0x000000567a500000,0x000000567a600000)]
  0x000001d025ee8150 JavaThread "Unconstrained build operations Thread 56" [_thread_blocked, id=8592, stack(0x000000567a600000,0x000000567a700000)]
  0x000001d025eea9d0 JavaThread "Unconstrained build operations Thread 57" [_thread_blocked, id=18508, stack(0x000000567a700000,0x000000567a800000)]
  0x000001d025ee8b70 JavaThread "Unconstrained build operations Thread 58" [_thread_blocked, id=4004, stack(0x000000567a800000,0x000000567a900000)]
  0x000001d025ee9fb0 JavaThread "Unconstrained build operations Thread 59" [_thread_blocked, id=10588, stack(0x000000567a900000,0x000000567aa00000)]
  0x000001d025eeb3f0 JavaThread "Unconstrained build operations Thread 60" [_thread_blocked, id=13644, stack(0x000000567aa00000,0x000000567ab00000)]
  0x000001d025ee5de0 JavaThread "Unconstrained build operations Thread 61" [_thread_blocked, id=17264, stack(0x000000567ab00000,0x000000567ac00000)]
  0x000001d025ee6d10 JavaThread "Unconstrained build operations Thread 62" [_thread_blocked, id=13940, stack(0x000000567ac00000,0x000000567ad00000)]
  0x000001d025ee6800 JavaThread "Unconstrained build operations Thread 63" [_thread_blocked, id=18720, stack(0x000000567ad00000,0x000000567ae00000)]
  0x000001d025eeb900 JavaThread "Unconstrained build operations Thread 64" [_thread_blocked, id=17724, stack(0x000000567ae00000,0x000000567af00000)]
  0x000001d025ee9080 JavaThread "Unconstrained build operations Thread 65" [_thread_blocked, id=3620, stack(0x000000567af00000,0x000000567b000000)]
  0x000001d025ee4490 JavaThread "Unconstrained build operations Thread 66" [_thread_blocked, id=15308, stack(0x000000567b000000,0x000000567b100000)]
  0x000001d025ee9590 JavaThread "Unconstrained build operations Thread 67" [_thread_blocked, id=9820, stack(0x000000567b100000,0x000000567b200000)]
  0x000001d025eebe10 JavaThread "Unconstrained build operations Thread 68" [_thread_blocked, id=6820, stack(0x000000567b200000,0x000000567b300000)]
  0x000001d025eea4c0 JavaThread "Unconstrained build operations Thread 69" [_thread_blocked, id=14744, stack(0x000000567b300000,0x000000567b400000)]
  0x000001d025ee49a0 JavaThread "Unconstrained build operations Thread 70" [_thread_blocked, id=13764, stack(0x000000567b400000,0x000000567b500000)]
  0x000001d025ee7730 JavaThread "Unconstrained build operations Thread 71" [_thread_blocked, id=16740, stack(0x000000567b500000,0x000000567b600000)]
  0x000001d07e29ff20 JavaThread "Unconstrained build operations Thread 72" [_thread_blocked, id=4176, stack(0x000000567b600000,0x000000567b700000)]
  0x000001d07e29d6a0 JavaThread "Unconstrained build operations Thread 73" [_thread_blocked, id=14536, stack(0x000000567b700000,0x000000567b800000)]
  0x000001d07e29e0c0 JavaThread "Unconstrained build operations Thread 74" [_thread_blocked, id=3156, stack(0x000000567b800000,0x000000567b900000)]
  0x000001d07e2a0430 JavaThread "Unconstrained build operations Thread 75" [_thread_blocked, id=19292, stack(0x000000567b900000,0x000000567ba00000)]
  0x000001d07e29e5d0 JavaThread "Unconstrained build operations Thread 76" [_thread_blocked, id=13540, stack(0x000000567ba00000,0x000000567bb00000)]
  0x000001d07e2a0940 JavaThread "Unconstrained build operations Thread 77" [_thread_blocked, id=12608, stack(0x000000567bb00000,0x000000567bc00000)]
  0x000001d07e987910 JavaThread "Unconstrained build operations Thread 78" [_thread_blocked, id=8936, stack(0x000000567bc00000,0x000000567bd00000)]
  0x000001d07e989260 JavaThread "Unconstrained build operations Thread 79" [_thread_blocked, id=7980, stack(0x000000567bd00000,0x000000567be00000)]
  0x000001d07e988840 JavaThread "Unconstrained build operations Thread 80" [_thread_blocked, id=3588, stack(0x000000567be00000,0x000000567bf00000)]

Other Threads:
  0x000001d078230450 VMThread "VM Thread" [stack: 0x0000005673200000,0x0000005673300000] [id=18628]
  0x000001d06c976c50 WatcherThread [stack: 0x0000005673e00000,0x0000005673f00000] [id=12596]
  0x000001d06c967fa0 GCTaskThread "GC Thread#0" [stack: 0x0000005672d00000,0x0000005672e00000] [id=14048]
  0x000001d07d51c5d0 GCTaskThread "GC Thread#1" [stack: 0x0000005674100000,0x0000005674200000] [id=1568]
  0x000001d07d51c890 GCTaskThread "GC Thread#2" [stack: 0x0000005674200000,0x0000005674300000] [id=19396]
  0x000001d07d51cb50 GCTaskThread "GC Thread#3" [stack: 0x0000005674300000,0x0000005674400000] [id=12184]
  0x000001d07d51ce10 GCTaskThread "GC Thread#4" [stack: 0x0000005674400000,0x0000005674500000] [id=15792]
  0x000001d07d2412d0 GCTaskThread "GC Thread#5" [stack: 0x0000005674500000,0x0000005674600000] [id=2888]
  0x000001d07d241dd0 GCTaskThread "GC Thread#6" [stack: 0x0000005675200000,0x0000005675300000] [id=12936]
  0x000001d07d241850 GCTaskThread "GC Thread#7" [stack: 0x0000005675300000,0x0000005675400000] [id=18300]
  0x000001d06c96de10 ConcurrentGCThread "G1 Main Marker" [stack: 0x0000005672e00000,0x0000005672f00000] [id=13232]
  0x000001d06c96eed0 ConcurrentGCThread "G1 Conc#0" [stack: 0x0000005672f00000,0x0000005673000000] [id=7424]
  0x000001d07d241b10 ConcurrentGCThread "G1 Conc#1" [stack: 0x0000005675700000,0x0000005675800000] [id=18056]
  0x000001d06ca0c1b0 ConcurrentGCThread "G1 Refine#0" [stack: 0x0000005673000000,0x0000005673100000] [id=13932]
  0x000001d024b71b10 ConcurrentGCThread "G1 Refine#1" [stack: 0x0000005676500000,0x0000005676600000] [id=6988]
  0x000001d024b70c60 ConcurrentGCThread "G1 Refine#2" [stack: 0x0000005677800000,0x0000005677900000] [id=11276]
  0x000001d024b71240 ConcurrentGCThread "G1 Refine#3" [stack: 0x0000005677900000,0x0000005677a00000] [id=2652]
  0x000001d024b71530 ConcurrentGCThread "G1 Refine#4" [stack: 0x0000005677a00000,0x0000005677b00000] [id=14288]
  0x000001d06ca0caf0 ConcurrentGCThread "G1 Service" [stack: 0x0000005673100000,0x0000005673200000] [id=2272]

Threads with active compile tasks:
C2 CompilerThread0  1039137 12968       4       io.spring.gradle.dependencymanagement.internal.properties.CompositePropertySource::getProperty (40 bytes)
C2 CompilerThread1  1039137 12929       4       io.spring.gradle.dependencymanagement.org.apache.maven.model.inheritance.DefaultInheritanceAssembler$InheritanceModelMerger::mergePlugin (71 bytes)

VM state: not at safepoint (normal execution)

VM Mutex/Monitor currently owned by a thread: None

Heap address: 0x00000000e0000000, size: 512 MB, Compressed Oops mode: 32-bit

CDS archive(s) mapped at: [0x000001d00f000000-0x000001d00fbd0000-0x000001d00fbd0000), size 12386304, SharedBaseAddress: 0x000001d00f000000, ArchiveRelocationMode: 1.
Compressed class space mapped at: 0x000001d010000000-0x000001d024000000, reserved size: 335544320
Narrow klass base: 0x000001d00f000000, Narrow klass shift: 0, Narrow klass range: 0x100000000

GC Precious Log:
 CPUs: 8 total, 8 available
 Memory: 8043M
 Large Page Support: Disabled
 NUMA Support: Disabled
 Compressed Oops: Enabled (32-bit)
 Heap Region Size: 1M
 Heap Min Capacity: 256M
 Heap Initial Capacity: 256M
 Heap Max Capacity: 512M
 Pre-touch: Disabled
 Parallel Workers: 8
 Concurrent Workers: 2
 Concurrent Refinement Workers: 8
 Periodic GC: Disabled

Heap:
 garbage-first heap   total 262144K, used 195961K [0x00000000e0000000, 0x0000000100000000)
  region size 1024K, 71 young (72704K), 8 survivors (8192K)
 Metaspace       used 74710K, committed 75584K, reserved 458752K
  class space    used 10227K, committed 10624K, reserved 327680K

Heap Regions: E=young(eden), S=young(survivor), O=old, HS=humongous(starts), HC=humongous(continues), CS=collection set, F=free, OA=open archive, CA=closed archive, TAMS=top-at-mark-start (previous, next)
|   0|0x00000000e0000000, 0x00000000e0100000, 0x00000000e0100000|100%|HS|  |TAMS 0x00000000e0100000, 0x00000000e0000000| Complete 
|   1|0x00000000e0100000, 0x00000000e0200000, 0x00000000e0200000|100%|HC|  |TAMS 0x00000000e0200000, 0x00000000e0100000| Complete 
|   2|0x00000000e0200000, 0x00000000e0300000, 0x00000000e0300000|100%|HC|  |TAMS 0x00000000e0300000, 0x00000000e0200000| Complete 
|   3|0x00000000e0300000, 0x00000000e0400000, 0x00000000e0400000|100%|HC|  |TAMS 0x00000000e0400000, 0x00000000e0300000| Complete 
|   4|0x00000000e0400000, 0x00000000e0500000, 0x00000000e0500000|100%| O|  |TAMS 0x00000000e0500000, 0x00000000e0400000| Untracked 
|   5|0x00000000e0500000, 0x00000000e0600000, 0x00000000e0600000|100%| O|  |TAMS 0x00000000e0600000, 0x00000000e0500000| Untracked 
|   6|0x00000000e0600000, 0x00000000e0700000, 0x00000000e0700000|100%| O|  |TAMS 0x00000000e0700000, 0x00000000e0600000| Untracked 
|   7|0x00000000e0700000, 0x00000000e0800000, 0x00000000e0800000|100%| O|  |TAMS 0x00000000e0800000, 0x00000000e0700000| Untracked 
|   8|0x00000000e0800000, 0x00000000e0900000, 0x00000000e0900000|100%| O|  |TAMS 0x00000000e0900000, 0x00000000e0800000| Untracked 
|   9|0x00000000e0900000, 0x00000000e0a00000, 0x00000000e0a00000|100%| O|  |TAMS 0x00000000e0a00000, 0x00000000e0900000| Untracked 
|  10|0x00000000e0a00000, 0x00000000e0b00000, 0x00000000e0b00000|100%| O|  |TAMS 0x00000000e0b00000, 0x00000000e0a00000| Untracked 
|  11|0x00000000e0b00000, 0x00000000e0c00000, 0x00000000e0c00000|100%|HS|  |TAMS 0x00000000e0c00000, 0x00000000e0b00000| Complete 
|  12|0x00000000e0c00000, 0x00000000e0d00000, 0x00000000e0d00000|100%| O|  |TAMS 0x00000000e0d00000, 0x00000000e0c00000| Untracked 
|  13|0x00000000e0d00000, 0x00000000e0e00000, 0x00000000e0e00000|100%|HS|  |TAMS 0x00000000e0e00000, 0x00000000e0d00000| Complete 
|  14|0x00000000e0e00000, 0x00000000e0f00000, 0x00000000e0f00000|100%|HC|  |TAMS 0x00000000e0f00000, 0x00000000e0e00000| Complete 
|  15|0x00000000e0f00000, 0x00000000e1000000, 0x00000000e1000000|100%|HS|  |TAMS 0x00000000e1000000, 0x00000000e0f00000| Complete 
|  16|0x00000000e1000000, 0x00000000e1100000, 0x00000000e1100000|100%|HC|  |TAMS 0x00000000e1100000, 0x00000000e1000000| Complete 
|  17|0x00000000e1100000, 0x00000000e1200000, 0x00000000e1200000|100%|HC|  |TAMS 0x00000000e1200000, 0x00000000e1100000| Complete 
|  18|0x00000000e1200000, 0x00000000e1300000, 0x00000000e1300000|100%|HS|  |TAMS 0x00000000e1300000, 0x00000000e1200000| Complete 
|  19|0x00000000e1300000, 0x00000000e1400000, 0x00000000e1400000|100%|HC|  |TAMS 0x00000000e1400000, 0x00000000e1300000| Complete 
|  20|0x00000000e1400000, 0x00000000e1500000, 0x00000000e1500000|100%|HC|  |TAMS 0x00000000e1500000, 0x00000000e1400000| Complete 
|  21|0x00000000e1500000, 0x00000000e1600000, 0x00000000e1600000|100%|HS|  |TAMS 0x00000000e1600000, 0x00000000e1500000| Complete 
|  22|0x00000000e1600000, 0x00000000e1700000, 0x00000000e1700000|100%|HC|  |TAMS 0x00000000e1700000, 0x00000000e1600000| Complete 
|  23|0x00000000e1700000, 0x00000000e1800000, 0x00000000e1800000|100%|HC|  |TAMS 0x00000000e1800000, 0x00000000e1700000| Complete 
|  24|0x00000000e1800000, 0x00000000e1900000, 0x00000000e1900000|100%|HS|  |TAMS 0x00000000e1900000, 0x00000000e1800000| Complete 
|  25|0x00000000e1900000, 0x00000000e1a00000, 0x00000000e1a00000|100%|HC|  |TAMS 0x00000000e1a00000, 0x00000000e1900000| Complete 
|  26|0x00000000e1a00000, 0x00000000e1b00000, 0x00000000e1b00000|100%|HC|  |TAMS 0x00000000e1b00000, 0x00000000e1a00000| Complete 
|  27|0x00000000e1b00000, 0x00000000e1c00000, 0x00000000e1c00000|100%|HS|  |TAMS 0x00000000e1c00000, 0x00000000e1b00000| Complete 
|  28|0x00000000e1c00000, 0x00000000e1d00000, 0x00000000e1d00000|100%|HC|  |TAMS 0x00000000e1d00000, 0x00000000e1c00000| Complete 
|  29|0x00000000e1d00000, 0x00000000e1e00000, 0x00000000e1e00000|100%| O|  |TAMS 0x00000000e1e00000, 0x00000000e1d00000| Untracked 
|  30|0x00000000e1e00000, 0x00000000e1f00000, 0x00000000e1f00000|100%| O|  |TAMS 0x00000000e1f00000, 0x00000000e1e00000| Untracked 
|  31|0x00000000e1f00000, 0x00000000e2000000, 0x00000000e2000000|100%| O|  |TAMS 0x00000000e2000000, 0x00000000e1f00000| Untracked 
|  32|0x00000000e2000000, 0x00000000e2100000, 0x00000000e2100000|100%| O|  |TAMS 0x00000000e2100000, 0x00000000e2000000| Untracked 
|  33|0x00000000e2100000, 0x00000000e2200000, 0x00000000e2200000|100%| O|  |TAMS 0x00000000e2200000, 0x00000000e2100000| Untracked 
|  34|0x00000000e2200000, 0x00000000e2300000, 0x00000000e2300000|100%| O|  |TAMS 0x00000000e2300000, 0x00000000e2200000| Untracked 
|  35|0x00000000e2300000, 0x00000000e2400000, 0x00000000e2400000|100%| O|  |TAMS 0x00000000e2400000, 0x00000000e2300000| Untracked 
|  36|0x00000000e2400000, 0x00000000e2500000, 0x00000000e2500000|100%| O|  |TAMS 0x00000000e2500000, 0x00000000e2400000| Untracked 
|  37|0x00000000e2500000, 0x00000000e2600000, 0x00000000e2600000|100%| O|  |TAMS 0x00000000e2600000, 0x00000000e2500000| Untracked 
|  38|0x00000000e2600000, 0x00000000e2700000, 0x00000000e2700000|100%| O|  |TAMS 0x00000000e2700000, 0x00000000e2600000| Untracked 
|  39|0x00000000e2700000, 0x00000000e2800000, 0x00000000e2800000|100%|HS|  |TAMS 0x00000000e2800000, 0x00000000e2700000| Complete 
|  40|0x00000000e2800000, 0x00000000e2900000, 0x00000000e2900000|100%|HC|  |TAMS 0x00000000e2900000, 0x00000000e2800000| Complete 
|  41|0x00000000e2900000, 0x00000000e2a00000, 0x00000000e2a00000|100%|HC|  |TAMS 0x00000000e2a00000, 0x00000000e2900000| Complete 
|  42|0x00000000e2a00000, 0x00000000e2b00000, 0x00000000e2b00000|100%|HS|  |TAMS 0x00000000e2b00000, 0x00000000e2a00000| Complete 
|  43|0x00000000e2b00000, 0x00000000e2c00000, 0x00000000e2c00000|100%|HC|  |TAMS 0x00000000e2c00000, 0x00000000e2b00000| Complete 
|  44|0x00000000e2c00000, 0x00000000e2d00000, 0x00000000e2d00000|100%|HC|  |TAMS 0x00000000e2d00000, 0x00000000e2c00000| Complete 
|  45|0x00000000e2d00000, 0x00000000e2e00000, 0x00000000e2e00000|100%| O|  |TAMS 0x00000000e2e00000, 0x00000000e2d00000| Untracked 
|  46|0x00000000e2e00000, 0x00000000e2f00000, 0x00000000e2f00000|100%| O|  |TAMS 0x00000000e2f00000, 0x00000000e2e00000| Untracked 
|  47|0x00000000e2f00000, 0x00000000e3000000, 0x00000000e3000000|100%|HS|  |TAMS 0x00000000e3000000, 0x00000000e2f00000| Complete 
|  48|0x00000000e3000000, 0x00000000e3100000, 0x00000000e3100000|100%|HC|  |TAMS 0x00000000e3100000, 0x00000000e3000000| Complete 
|  49|0x00000000e3100000, 0x00000000e3200000, 0x00000000e3200000|100%|HC|  |TAMS 0x00000000e3200000, 0x00000000e3100000| Complete 
|  50|0x00000000e3200000, 0x00000000e3300000, 0x00000000e3300000|100%|HC|  |TAMS 0x00000000e3300000, 0x00000000e3200000| Complete 
|  51|0x00000000e3300000, 0x00000000e3400000, 0x00000000e3400000|100%|HC|  |TAMS 0x00000000e3400000, 0x00000000e3300000| Complete 
|  52|0x00000000e3400000, 0x00000000e3500000, 0x00000000e3500000|100%|HC|  |TAMS 0x00000000e3500000, 0x00000000e3400000| Complete 
|  53|0x00000000e3500000, 0x00000000e3600000, 0x00000000e3600000|100%|HS|  |TAMS 0x00000000e3600000, 0x00000000e3500000| Complete 
|  54|0x00000000e3600000, 0x00000000e3700000, 0x00000000e3700000|100%|HS|  |TAMS 0x00000000e3700000, 0x00000000e3600000| Complete 
|  55|0x00000000e3700000, 0x00000000e3800000, 0x00000000e3800000|100%|HC|  |TAMS 0x00000000e3800000, 0x00000000e3700000| Complete 
|  56|0x00000000e3800000, 0x00000000e3900000, 0x00000000e3900000|100%|HS|  |TAMS 0x00000000e3900000, 0x00000000e3800000| Complete 
|  57|0x00000000e3900000, 0x00000000e3a00000, 0x00000000e3a00000|100%|HC|  |TAMS 0x00000000e3a00000, 0x00000000e3900000| Complete 
|  58|0x00000000e3a00000, 0x00000000e3b00000, 0x00000000e3b00000|100%|HC|  |TAMS 0x00000000e3b00000, 0x00000000e3a00000| Complete 
|  59|0x00000000e3b00000, 0x00000000e3c00000, 0x00000000e3c00000|100%|HS|  |TAMS 0x00000000e3c00000, 0x00000000e3b00000| Complete 
|  60|0x00000000e3c00000, 0x00000000e3d00000, 0x00000000e3d00000|100%|HC|  |TAMS 0x00000000e3d00000, 0x00000000e3c00000| Complete 
|  61|0x00000000e3d00000, 0x00000000e3e00000, 0x00000000e3e00000|100%|HC|  |TAMS 0x00000000e3e00000, 0x00000000e3d00000| Complete 
|  62|0x00000000e3e00000, 0x00000000e3f00000, 0x00000000e3f00000|100%|HS|  |TAMS 0x00000000e3f00000, 0x00000000e3e00000| Complete 
|  63|0x00000000e3f00000, 0x00000000e4000000, 0x00000000e4000000|100%|HC|  |TAMS 0x00000000e4000000, 0x00000000e3f00000| Complete 
|  64|0x00000000e4000000, 0x00000000e4100000, 0x00000000e4100000|100%|HC|  |TAMS 0x00000000e4100000, 0x00000000e4000000| Complete 
|  65|0x00000000e4100000, 0x00000000e4200000, 0x00000000e4200000|100%|HS|  |TAMS 0x00000000e4200000, 0x00000000e4100000| Complete 
|  66|0x00000000e4200000, 0x00000000e4300000, 0x00000000e4300000|100%|HC|  |TAMS 0x00000000e4300000, 0x00000000e4200000| Complete 
|  67|0x00000000e4300000, 0x00000000e4400000, 0x00000000e4400000|100%|HS|  |TAMS 0x00000000e4400000, 0x00000000e4300000| Complete 
|  68|0x00000000e4400000, 0x00000000e4500000, 0x00000000e4500000|100%|HC|  |TAMS 0x00000000e4500000, 0x00000000e4400000| Complete 
|  69|0x00000000e4500000, 0x00000000e4600000, 0x00000000e4600000|100%|HC|  |TAMS 0x00000000e4600000, 0x00000000e4500000| Complete 
|  70|0x00000000e4600000, 0x00000000e4700000, 0x00000000e4700000|100%|HC|  |TAMS 0x00000000e4700000, 0x00000000e4600000| Complete 
|  71|0x00000000e4700000, 0x00000000e4800000, 0x00000000e4800000|100%|HC|  |TAMS 0x00000000e4800000, 0x00000000e4700000| Complete 
|  72|0x00000000e4800000, 0x00000000e4900000, 0x00000000e4900000|100%|HC|  |TAMS 0x00000000e4900000, 0x00000000e4800000| Complete 
|  73|0x00000000e4900000, 0x00000000e4a00000, 0x00000000e4a00000|100%|HS|  |TAMS 0x00000000e4a00000, 0x00000000e4900000| Complete 
|  74|0x00000000e4a00000, 0x00000000e4b00000, 0x00000000e4b00000|100%| O|  |TAMS 0x00000000e4b00000, 0x00000000e4a00000| Untracked 
|  75|0x00000000e4b00000, 0x00000000e4c00000, 0x00000000e4c00000|100%| O|  |TAMS 0x00000000e4c00000, 0x00000000e4b00000| Untracked 
|  76|0x00000000e4c00000, 0x00000000e4d00000, 0x00000000e4d00000|100%| O|  |TAMS 0x00000000e4d00000, 0x00000000e4c00000| Untracked 
|  77|0x00000000e4d00000, 0x00000000e4e00000, 0x00000000e4e00000|100%| O|  |TAMS 0x00000000e4e00000, 0x00000000e4d00000| Untracked 
|  78|0x00000000e4e00000, 0x00000000e4f00000, 0x00000000e4f00000|100%| O|  |TAMS 0x00000000e4f00000, 0x00000000e4e00000| Untracked 
|  79|0x00000000e4f00000, 0x00000000e5000000, 0x00000000e5000000|100%| O|  |TAMS 0x00000000e5000000, 0x00000000e4f00000| Untracked 
|  80|0x00000000e5000000, 0x00000000e5100000, 0x00000000e5100000|100%| O|  |TAMS 0x00000000e5100000, 0x00000000e5000000| Untracked 
|  81|0x00000000e5100000, 0x00000000e5200000, 0x00000000e5200000|100%| O|  |TAMS 0x00000000e5200000, 0x00000000e5100000| Untracked 
|  82|0x00000000e5200000, 0x00000000e5300000, 0x00000000e5300000|100%| O|  |TAMS 0x00000000e5300000, 0x00000000e5200000| Untracked 
|  83|0x00000000e5300000, 0x00000000e5400000, 0x00000000e5400000|100%| O|  |TAMS 0x00000000e5300000, 0x00000000e5300000| Untracked 
|  84|0x00000000e5400000, 0x00000000e5500000, 0x00000000e5500000|100%| O|  |TAMS 0x00000000e5400000, 0x00000000e5400000| Untracked 
|  85|0x00000000e5500000, 0x00000000e5600000, 0x00000000e5600000|100%| O|  |TAMS 0x00000000e5500000, 0x00000000e5500000| Untracked 
|  86|0x00000000e5600000, 0x00000000e5700000, 0x00000000e5700000|100%| O|  |TAMS 0x00000000e5600000, 0x00000000e5600000| Untracked 
|  87|0x00000000e5700000, 0x00000000e5800000, 0x00000000e5800000|100%| O|  |TAMS 0x00000000e5700000, 0x00000000e5700000| Untracked 
|  88|0x00000000e5800000, 0x00000000e5900000, 0x00000000e5900000|100%| O|  |TAMS 0x00000000e5800000, 0x00000000e5800000| Untracked 
|  89|0x00000000e5900000, 0x00000000e5a00000, 0x00000000e5a00000|100%| O|  |TAMS 0x00000000e5900000, 0x00000000e5900000| Untracked 
|  90|0x00000000e5a00000, 0x00000000e5b00000, 0x00000000e5b00000|100%| O|  |TAMS 0x00000000e5a00000, 0x00000000e5a00000| Untracked 
|  91|0x00000000e5b00000, 0x00000000e5c00000, 0x00000000e5c00000|100%| O|  |TAMS 0x00000000e5b00000, 0x00000000e5b00000| Untracked 
|  92|0x00000000e5c00000, 0x00000000e5d00000, 0x00000000e5d00000|100%| O|  |TAMS 0x00000000e5c00000, 0x00000000e5c00000| Untracked 
|  93|0x00000000e5d00000, 0x00000000e5e00000, 0x00000000e5e00000|100%| O|  |TAMS 0x00000000e5d00000, 0x00000000e5d00000| Untracked 
|  94|0x00000000e5e00000, 0x00000000e5f00000, 0x00000000e5f00000|100%| O|  |TAMS 0x00000000e5e00000, 0x00000000e5e00000| Untracked 
|  95|0x00000000e5f00000, 0x00000000e6000000, 0x00000000e6000000|100%| O|  |TAMS 0x00000000e5f00000, 0x00000000e5f00000| Untracked 
|  96|0x00000000e6000000, 0x00000000e6100000, 0x00000000e6100000|100%| O|  |TAMS 0x00000000e6000000, 0x00000000e6000000| Untracked 
|  97|0x00000000e6100000, 0x00000000e6200000, 0x00000000e6200000|100%| O|  |TAMS 0x00000000e6100000, 0x00000000e6100000| Untracked 
|  98|0x00000000e6200000, 0x00000000e6300000, 0x00000000e6300000|100%| O|  |TAMS 0x00000000e6200000, 0x00000000e6200000| Untracked 
|  99|0x00000000e6300000, 0x00000000e6400000, 0x00000000e6400000|100%| O|  |TAMS 0x00000000e6300000, 0x00000000e6300000| Untracked 
| 100|0x00000000e6400000, 0x00000000e6500000, 0x00000000e6500000|100%| O|  |TAMS 0x00000000e6400000, 0x00000000e6400000| Untracked 
| 101|0x00000000e6500000, 0x00000000e6600000, 0x00000000e6600000|100%| O|  |TAMS 0x00000000e6500000, 0x00000000e6500000| Untracked 
| 102|0x00000000e6600000, 0x00000000e6700000, 0x00000000e6700000|100%| O|  |TAMS 0x00000000e6600000, 0x00000000e6600000| Untracked 
| 103|0x00000000e6700000, 0x00000000e6800000, 0x00000000e6800000|100%| O|  |TAMS 0x00000000e6800000, 0x00000000e6700000| Untracked 
| 104|0x00000000e6800000, 0x00000000e6900000, 0x00000000e6900000|100%| O|  |TAMS 0x00000000e6900000, 0x00000000e6800000| Untracked 
| 105|0x00000000e6900000, 0x00000000e6a00000, 0x00000000e6a00000|100%| O|  |TAMS 0x00000000e6a00000, 0x00000000e6900000| Untracked 
| 106|0x00000000e6a00000, 0x00000000e6b00000, 0x00000000e6b00000|100%| O|  |TAMS 0x00000000e6b00000, 0x00000000e6a00000| Untracked 
| 107|0x00000000e6b00000, 0x00000000e6c00000, 0x00000000e6c00000|100%| O|  |TAMS 0x00000000e6c00000, 0x00000000e6b00000| Untracked 
| 108|0x00000000e6c00000, 0x00000000e6d00000, 0x00000000e6d00000|100%| O|  |TAMS 0x00000000e6d00000, 0x00000000e6c00000| Untracked 
| 109|0x00000000e6d00000, 0x00000000e6e00000, 0x00000000e6e00000|100%| O|  |TAMS 0x00000000e6e00000, 0x00000000e6d00000| Untracked 
| 110|0x00000000e6e00000, 0x00000000e6f00000, 0x00000000e6f00000|100%| O|  |TAMS 0x00000000e6f00000, 0x00000000e6e00000| Untracked 
| 111|0x00000000e6f00000, 0x00000000e7000000, 0x00000000e7000000|100%| O|  |TAMS 0x00000000e7000000, 0x00000000e6f00000| Untracked 
| 112|0x00000000e7000000, 0x00000000e7100000, 0x00000000e7100000|100%| O|  |TAMS 0x00000000e7100000, 0x00000000e7000000| Untracked 
| 113|0x00000000e7100000, 0x00000000e7200000, 0x00000000e7200000|100%| O|  |TAMS 0x00000000e7175200, 0x00000000e7100000| Untracked 
| 114|0x00000000e7200000, 0x00000000e7300000, 0x00000000e7300000|100%| O|  |TAMS 0x00000000e7200000, 0x00000000e7200000| Untracked 
| 115|0x00000000e7300000, 0x00000000e7400000, 0x00000000e7400000|100%| O|  |TAMS 0x00000000e7300000, 0x00000000e7300000| Untracked 
| 116|0x00000000e7400000, 0x00000000e7500000, 0x00000000e7500000|100%| O|  |TAMS 0x00000000e7400000, 0x00000000e7400000| Untracked 
| 117|0x00000000e7500000, 0x00000000e7600000, 0x00000000e7600000|100%| O|  |TAMS 0x00000000e7500000, 0x00000000e7500000| Untracked 
| 118|0x00000000e7600000, 0x00000000e7700000, 0x00000000e7700000|100%| O|  |TAMS 0x00000000e7600000, 0x00000000e7600000| Untracked 
| 119|0x00000000e7700000, 0x00000000e7800000, 0x00000000e7800000|100%| O|  |TAMS 0x00000000e7700000, 0x00000000e7700000| Untracked 
| 120|0x00000000e7800000, 0x00000000e7900000, 0x00000000e7900000|100%| O|  |TAMS 0x00000000e7800000, 0x00000000e7800000| Untracked 
| 121|0x00000000e7900000, 0x00000000e7a00000, 0x00000000e7a00000|100%| O|  |TAMS 0x00000000e7900000, 0x00000000e7900000| Untracked 
| 122|0x00000000e7a00000, 0x00000000e7a5e600, 0x00000000e7b00000| 36%| O|  |TAMS 0x00000000e7a00000, 0x00000000e7a00000| Untracked 
| 123|0x00000000e7b00000, 0x00000000e7b00000, 0x00000000e7c00000|  0%| F|  |TAMS 0x00000000e7b00000, 0x00000000e7b00000| Untracked 
| 124|0x00000000e7c00000, 0x00000000e7c00000, 0x00000000e7d00000|  0%| F|  |TAMS 0x00000000e7c00000, 0x00000000e7c00000| Untracked 
| 125|0x00000000e7d00000, 0x00000000e7d00000, 0x00000000e7e00000|  0%| F|  |TAMS 0x00000000e7d00000, 0x00000000e7d00000| Untracked 
| 126|0x00000000e7e00000, 0x00000000e7e00000, 0x00000000e7f00000|  0%| F|  |TAMS 0x00000000e7e00000, 0x00000000e7e00000| Untracked 
| 127|0x00000000e7f00000, 0x00000000e7f00000, 0x00000000e8000000|  0%| F|  |TAMS 0x00000000e7f00000, 0x00000000e7f00000| Untracked 
| 128|0x00000000e8000000, 0x00000000e8000000, 0x00000000e8100000|  0%| F|  |TAMS 0x00000000e8000000, 0x00000000e8000000| Untracked 
| 129|0x00000000e8100000, 0x00000000e8100000, 0x00000000e8200000|  0%| F|  |TAMS 0x00000000e8100000, 0x00000000e8100000| Untracked 
| 130|0x00000000e8200000, 0x00000000e8200000, 0x00000000e8300000|  0%| F|  |TAMS 0x00000000e8200000, 0x00000000e8200000| Untracked 
| 131|0x00000000e8300000, 0x00000000e8300000, 0x00000000e8400000|  0%| F|  |TAMS 0x00000000e8300000, 0x00000000e8300000| Untracked 
| 132|0x00000000e8400000, 0x00000000e8400000, 0x00000000e8500000|  0%| F|  |TAMS 0x00000000e8400000, 0x00000000e8400000| Untracked 
| 133|0x00000000e8500000, 0x00000000e8500000, 0x00000000e8600000|  0%| F|  |TAMS 0x00000000e8500000, 0x00000000e8500000| Untracked 
| 134|0x00000000e8600000, 0x00000000e8600000, 0x00000000e8700000|  0%| F|  |TAMS 0x00000000e8600000, 0x00000000e8600000| Untracked 
| 135|0x00000000e8700000, 0x00000000e8700000, 0x00000000e8800000|  0%| F|  |TAMS 0x00000000e8700000, 0x00000000e8700000| Untracked 
| 136|0x00000000e8800000, 0x00000000e8800000, 0x00000000e8900000|  0%| F|  |TAMS 0x00000000e8800000, 0x00000000e8800000| Untracked 
| 137|0x00000000e8900000, 0x00000000e8900000, 0x00000000e8a00000|  0%| F|  |TAMS 0x00000000e8900000, 0x00000000e8900000| Untracked 
| 138|0x00000000e8a00000, 0x00000000e8a00000, 0x00000000e8b00000|  0%| F|  |TAMS 0x00000000e8a00000, 0x00000000e8a00000| Untracked 
| 139|0x00000000e8b00000, 0x00000000e8b00000, 0x00000000e8c00000|  0%| F|  |TAMS 0x00000000e8b00000, 0x00000000e8b00000| Untracked 
| 140|0x00000000e8c00000, 0x00000000e8c00000, 0x00000000e8d00000|  0%| F|  |TAMS 0x00000000e8c00000, 0x00000000e8c00000| Untracked 
| 141|0x00000000e8d00000, 0x00000000e8d00000, 0x00000000e8e00000|  0%| F|  |TAMS 0x00000000e8d00000, 0x00000000e8d00000| Untracked 
| 142|0x00000000e8e00000, 0x00000000e8e00000, 0x00000000e8f00000|  0%| F|  |TAMS 0x00000000e8e00000, 0x00000000e8e00000| Untracked 
| 143|0x00000000e8f00000, 0x00000000e8f00000, 0x00000000e9000000|  0%| F|  |TAMS 0x00000000e8f00000, 0x00000000e8f00000| Untracked 
| 144|0x00000000e9000000, 0x00000000e9000000, 0x00000000e9100000|  0%| F|  |TAMS 0x00000000e9000000, 0x00000000e9000000| Untracked 
| 145|0x00000000e9100000, 0x00000000e9100000, 0x00000000e9200000|  0%| F|  |TAMS 0x00000000e9100000, 0x00000000e9100000| Untracked 
| 146|0x00000000e9200000, 0x00000000e9200000, 0x00000000e9300000|  0%| F|  |TAMS 0x00000000e9200000, 0x00000000e9200000| Untracked 
| 147|0x00000000e9300000, 0x00000000e9300000, 0x00000000e9400000|  0%| F|  |TAMS 0x00000000e9300000, 0x00000000e9300000| Untracked 
| 148|0x00000000e9400000, 0x00000000e9400000, 0x00000000e9500000|  0%| F|  |TAMS 0x00000000e9400000, 0x00000000e9400000| Untracked 
| 149|0x00000000e9500000, 0x00000000e9500000, 0x00000000e9600000|  0%| F|  |TAMS 0x00000000e9500000, 0x00000000e9500000| Untracked 
| 150|0x00000000e9600000, 0x00000000e9600000, 0x00000000e9700000|  0%| F|  |TAMS 0x00000000e9600000, 0x00000000e9600000| Untracked 
| 151|0x00000000e9700000, 0x00000000e9700000, 0x00000000e9800000|  0%| F|  |TAMS 0x00000000e9700000, 0x00000000e9700000| Untracked 
| 152|0x00000000e9800000, 0x00000000e9800000, 0x00000000e9900000|  0%| F|  |TAMS 0x00000000e9800000, 0x00000000e9800000| Untracked 
| 153|0x00000000e9900000, 0x00000000e9900000, 0x00000000e9a00000|  0%| F|  |TAMS 0x00000000e9900000, 0x00000000e9900000| Untracked 
| 154|0x00000000e9a00000, 0x00000000e9a00000, 0x00000000e9b00000|  0%| F|  |TAMS 0x00000000e9a00000, 0x00000000e9a00000| Untracked 
| 155|0x00000000e9b00000, 0x00000000e9b00000, 0x00000000e9c00000|  0%| F|  |TAMS 0x00000000e9b00000, 0x00000000e9b00000| Untracked 
| 156|0x00000000e9c00000, 0x00000000e9c00000, 0x00000000e9d00000|  0%| F|  |TAMS 0x00000000e9c00000, 0x00000000e9c00000| Untracked 
| 157|0x00000000e9d00000, 0x00000000e9d00000, 0x00000000e9e00000|  0%| F|  |TAMS 0x00000000e9d00000, 0x00000000e9d00000| Untracked 
| 158|0x00000000e9e00000, 0x00000000e9e00000, 0x00000000e9f00000|  0%| F|  |TAMS 0x00000000e9e00000, 0x00000000e9e00000| Untracked 
| 159|0x00000000e9f00000, 0x00000000e9f00000, 0x00000000ea000000|  0%| F|  |TAMS 0x00000000e9f00000, 0x00000000e9f00000| Untracked 
| 160|0x00000000ea000000, 0x00000000ea000000, 0x00000000ea100000|  0%| F|  |TAMS 0x00000000ea000000, 0x00000000ea000000| Untracked 
| 161|0x00000000ea100000, 0x00000000ea100000, 0x00000000ea200000|  0%| F|  |TAMS 0x00000000ea100000, 0x00000000ea100000| Untracked 
| 162|0x00000000ea200000, 0x00000000ea300000, 0x00000000ea300000|100%| S|CS|TAMS 0x00000000ea200000, 0x00000000ea200000| Complete 
| 163|0x00000000ea300000, 0x00000000ea400000, 0x00000000ea400000|100%| S|CS|TAMS 0x00000000ea300000, 0x00000000ea300000| Complete 
| 164|0x00000000ea400000, 0x00000000ea500000, 0x00000000ea500000|100%| S|CS|TAMS 0x00000000ea400000, 0x00000000ea400000| Complete 
| 165|0x00000000ea500000, 0x00000000ea600000, 0x00000000ea600000|100%| S|CS|TAMS 0x00000000ea500000, 0x00000000ea500000| Complete 
| 166|0x00000000ea600000, 0x00000000ea700000, 0x00000000ea700000|100%| S|CS|TAMS 0x00000000ea600000, 0x00000000ea600000| Complete 
| 167|0x00000000ea700000, 0x00000000ea800000, 0x00000000ea800000|100%| S|CS|TAMS 0x00000000ea700000, 0x00000000ea700000| Complete 
| 168|0x00000000ea800000, 0x00000000ea900000, 0x00000000ea900000|100%| S|CS|TAMS 0x00000000ea800000, 0x00000000ea800000| Complete 
| 169|0x00000000ea900000, 0x00000000eaa00000, 0x00000000eaa00000|100%| S|CS|TAMS 0x00000000ea900000, 0x00000000ea900000| Complete 
| 170|0x00000000eaa00000, 0x00000000eaa00000, 0x00000000eab00000|  0%| F|  |TAMS 0x00000000eaa00000, 0x00000000eaa00000| Untracked 
| 171|0x00000000eab00000, 0x00000000eab00000, 0x00000000eac00000|  0%| F|  |TAMS 0x00000000eab00000, 0x00000000eab00000| Untracked 
| 172|0x00000000eac00000, 0x00000000eac00000, 0x00000000ead00000|  0%| F|  |TAMS 0x00000000eac00000, 0x00000000eac00000| Untracked 
| 173|0x00000000ead00000, 0x00000000ead00000, 0x00000000eae00000|  0%| F|  |TAMS 0x00000000ead00000, 0x00000000ead00000| Untracked 
| 174|0x00000000eae00000, 0x00000000eae00000, 0x00000000eaf00000|  0%| F|  |TAMS 0x00000000eae00000, 0x00000000eae00000| Untracked 
| 175|0x00000000eaf00000, 0x00000000eaf00000, 0x00000000eb000000|  0%| F|  |TAMS 0x00000000eaf00000, 0x00000000eaf00000| Untracked 
| 176|0x00000000eb000000, 0x00000000eb000000, 0x00000000eb100000|  0%| F|  |TAMS 0x00000000eb000000, 0x00000000eb000000| Untracked 
| 177|0x00000000eb100000, 0x00000000eb100000, 0x00000000eb200000|  0%| F|  |TAMS 0x00000000eb100000, 0x00000000eb100000| Untracked 
| 178|0x00000000eb200000, 0x00000000eb200000, 0x00000000eb300000|  0%| F|  |TAMS 0x00000000eb200000, 0x00000000eb200000| Untracked 
| 179|0x00000000eb300000, 0x00000000eb300000, 0x00000000eb400000|  0%| F|  |TAMS 0x00000000eb300000, 0x00000000eb300000| Untracked 
| 180|0x00000000eb400000, 0x00000000eb400000, 0x00000000eb500000|  0%| F|  |TAMS 0x00000000eb400000, 0x00000000eb400000| Untracked 
| 181|0x00000000eb500000, 0x00000000eb500000, 0x00000000eb600000|  0%| F|  |TAMS 0x00000000eb500000, 0x00000000eb500000| Untracked 
| 182|0x00000000eb600000, 0x00000000eb600000, 0x00000000eb700000|  0%| F|  |TAMS 0x00000000eb600000, 0x00000000eb600000| Untracked 
| 183|0x00000000eb700000, 0x00000000eb700000, 0x00000000eb800000|  0%| F|  |TAMS 0x00000000eb700000, 0x00000000eb700000| Untracked 
| 184|0x00000000eb800000, 0x00000000eb800000, 0x00000000eb900000|  0%| F|  |TAMS 0x00000000eb800000, 0x00000000eb800000| Untracked 
| 185|0x00000000eb900000, 0x00000000eb900000, 0x00000000eba00000|  0%| F|  |TAMS 0x00000000eb900000, 0x00000000eb900000| Untracked 
| 186|0x00000000eba00000, 0x00000000eba00000, 0x00000000ebb00000|  0%| F|  |TAMS 0x00000000eba00000, 0x00000000eba00000| Untracked 
| 187|0x00000000ebb00000, 0x00000000ebb00000, 0x00000000ebc00000|  0%| F|  |TAMS 0x00000000ebb00000, 0x00000000ebb00000| Untracked 
| 188|0x00000000ebc00000, 0x00000000ebc00000, 0x00000000ebd00000|  0%| F|  |TAMS 0x00000000ebc00000, 0x00000000ebc00000| Untracked 
| 189|0x00000000ebd00000, 0x00000000ebd00000, 0x00000000ebe00000|  0%| F|  |TAMS 0x00000000ebd00000, 0x00000000ebd00000| Untracked 
| 190|0x00000000ebe00000, 0x00000000ebe00000, 0x00000000ebf00000|  0%| F|  |TAMS 0x00000000ebe00000, 0x00000000ebe00000| Untracked 
| 191|0x00000000ebf00000, 0x00000000ebf00000, 0x00000000ec000000|  0%| F|  |TAMS 0x00000000ebf00000, 0x00000000ebf00000| Untracked 
| 192|0x00000000ec000000, 0x00000000ec046ff8, 0x00000000ec100000| 27%| E|  |TAMS 0x00000000ec000000, 0x00000000ec000000| Complete 
| 193|0x00000000ec100000, 0x00000000ec200000, 0x00000000ec200000|100%| E|CS|TAMS 0x00000000ec100000, 0x00000000ec100000| Complete 
| 194|0x00000000ec200000, 0x00000000ec300000, 0x00000000ec300000|100%| E|CS|TAMS 0x00000000ec200000, 0x00000000ec200000| Complete 
| 195|0x00000000ec300000, 0x00000000ec400000, 0x00000000ec400000|100%| E|CS|TAMS 0x00000000ec300000, 0x00000000ec300000| Complete 
| 196|0x00000000ec400000, 0x00000000ec500000, 0x00000000ec500000|100%| E|CS|TAMS 0x00000000ec400000, 0x00000000ec400000| Complete 
| 197|0x00000000ec500000, 0x00000000ec600000, 0x00000000ec600000|100%| E|CS|TAMS 0x00000000ec500000, 0x00000000ec500000| Complete 
| 198|0x00000000ec600000, 0x00000000ec700000, 0x00000000ec700000|100%| E|CS|TAMS 0x00000000ec600000, 0x00000000ec600000| Complete 
| 199|0x00000000ec700000, 0x00000000ec800000, 0x00000000ec800000|100%| E|CS|TAMS 0x00000000ec700000, 0x00000000ec700000| Complete 
| 200|0x00000000ec800000, 0x00000000ec900000, 0x00000000ec900000|100%| E|CS|TAMS 0x00000000ec800000, 0x00000000ec800000| Complete 
| 201|0x00000000ec900000, 0x00000000eca00000, 0x00000000eca00000|100%| E|CS|TAMS 0x00000000ec900000, 0x00000000ec900000| Complete 
| 202|0x00000000eca00000, 0x00000000ecb00000, 0x00000000ecb00000|100%| E|CS|TAMS 0x00000000eca00000, 0x00000000eca00000| Complete 
| 203|0x00000000ecb00000, 0x00000000ecc00000, 0x00000000ecc00000|100%| E|CS|TAMS 0x00000000ecb00000, 0x00000000ecb00000| Complete 
| 204|0x00000000ecc00000, 0x00000000ecd00000, 0x00000000ecd00000|100%| E|CS|TAMS 0x00000000ecc00000, 0x00000000ecc00000| Complete 
| 205|0x00000000ecd00000, 0x00000000ece00000, 0x00000000ece00000|100%| E|CS|TAMS 0x00000000ecd00000, 0x00000000ecd00000| Complete 
| 206|0x00000000ece00000, 0x00000000ecf00000, 0x00000000ecf00000|100%| E|CS|TAMS 0x00000000ece00000, 0x00000000ece00000| Complete 
| 207|0x00000000ecf00000, 0x00000000ed000000, 0x00000000ed000000|100%| E|CS|TAMS 0x00000000ecf00000, 0x00000000ecf00000| Complete 
| 208|0x00000000ed000000, 0x00000000ed100000, 0x00000000ed100000|100%| E|CS|TAMS 0x00000000ed000000, 0x00000000ed000000| Complete 
| 209|0x00000000ed100000, 0x00000000ed200000, 0x00000000ed200000|100%| E|CS|TAMS 0x00000000ed100000, 0x00000000ed100000| Complete 
| 210|0x00000000ed200000, 0x00000000ed300000, 0x00000000ed300000|100%| E|CS|TAMS 0x00000000ed200000, 0x00000000ed200000| Complete 
| 211|0x00000000ed300000, 0x00000000ed400000, 0x00000000ed400000|100%| E|CS|TAMS 0x00000000ed300000, 0x00000000ed300000| Complete 
| 212|0x00000000ed400000, 0x00000000ed500000, 0x00000000ed500000|100%| E|CS|TAMS 0x00000000ed400000, 0x00000000ed400000| Complete 
| 213|0x00000000ed500000, 0x00000000ed600000, 0x00000000ed600000|100%| E|CS|TAMS 0x00000000ed500000, 0x00000000ed500000| Complete 
| 214|0x00000000ed600000, 0x00000000ed700000, 0x00000000ed700000|100%| E|CS|TAMS 0x00000000ed600000, 0x00000000ed600000| Complete 
| 215|0x00000000ed700000, 0x00000000ed800000, 0x00000000ed800000|100%| E|CS|TAMS 0x00000000ed700000, 0x00000000ed700000| Complete 
| 216|0x00000000ed800000, 0x00000000ed900000, 0x00000000ed900000|100%| E|CS|TAMS 0x00000000ed800000, 0x00000000ed800000| Complete 
| 217|0x00000000ed900000, 0x00000000eda00000, 0x00000000eda00000|100%| E|CS|TAMS 0x00000000ed900000, 0x00000000ed900000| Complete 
| 218|0x00000000eda00000, 0x00000000edb00000, 0x00000000edb00000|100%| E|CS|TAMS 0x00000000eda00000, 0x00000000eda00000| Complete 
| 219|0x00000000edb00000, 0x00000000edc00000, 0x00000000edc00000|100%| E|CS|TAMS 0x00000000edb00000, 0x00000000edb00000| Complete 
| 220|0x00000000edc00000, 0x00000000edd00000, 0x00000000edd00000|100%| E|CS|TAMS 0x00000000edc00000, 0x00000000edc00000| Complete 
| 221|0x00000000edd00000, 0x00000000ede00000, 0x00000000ede00000|100%| E|CS|TAMS 0x00000000edd00000, 0x00000000edd00000| Complete 
| 222|0x00000000ede00000, 0x00000000edf00000, 0x00000000edf00000|100%| E|CS|TAMS 0x00000000ede00000, 0x00000000ede00000| Complete 
| 223|0x00000000edf00000, 0x00000000ee000000, 0x00000000ee000000|100%| E|  |TAMS 0x00000000edf00000, 0x00000000edf00000| Complete 
| 224|0x00000000ee000000, 0x00000000ee100000, 0x00000000ee100000|100%| E|CS|TAMS 0x00000000ee000000, 0x00000000ee000000| Complete 
| 225|0x00000000ee100000, 0x00000000ee200000, 0x00000000ee200000|100%| E|CS|TAMS 0x00000000ee100000, 0x00000000ee100000| Complete 
| 226|0x00000000ee200000, 0x00000000ee300000, 0x00000000ee300000|100%| E|CS|TAMS 0x00000000ee200000, 0x00000000ee200000| Complete 
| 227|0x00000000ee300000, 0x00000000ee400000, 0x00000000ee400000|100%| E|CS|TAMS 0x00000000ee300000, 0x00000000ee300000| Complete 
| 228|0x00000000ee400000, 0x00000000ee500000, 0x00000000ee500000|100%| E|CS|TAMS 0x00000000ee400000, 0x00000000ee400000| Complete 
| 229|0x00000000ee500000, 0x00000000ee600000, 0x00000000ee600000|100%| E|CS|TAMS 0x00000000ee500000, 0x00000000ee500000| Complete 
| 230|0x00000000ee600000, 0x00000000ee700000, 0x00000000ee700000|100%| E|CS|TAMS 0x00000000ee600000, 0x00000000ee600000| Complete 
| 231|0x00000000ee700000, 0x00000000ee800000, 0x00000000ee800000|100%| E|CS|TAMS 0x00000000ee700000, 0x00000000ee700000| Complete 
| 232|0x00000000ee800000, 0x00000000ee900000, 0x00000000ee900000|100%| E|CS|TAMS 0x00000000ee800000, 0x00000000ee800000| Complete 
| 233|0x00000000ee900000, 0x00000000eea00000, 0x00000000eea00000|100%| E|CS|TAMS 0x00000000ee900000, 0x00000000ee900000| Complete 
| 234|0x00000000eea00000, 0x00000000eeb00000, 0x00000000eeb00000|100%| E|CS|TAMS 0x00000000eea00000, 0x00000000eea00000| Complete 
| 235|0x00000000eeb00000, 0x00000000eec00000, 0x00000000eec00000|100%| E|CS|TAMS 0x00000000eeb00000, 0x00000000eeb00000| Complete 
| 236|0x00000000eec00000, 0x00000000eed00000, 0x00000000eed00000|100%| E|CS|TAMS 0x00000000eec00000, 0x00000000eec00000| Complete 
| 237|0x00000000eed00000, 0x00000000eee00000, 0x00000000eee00000|100%| E|CS|TAMS 0x00000000eed00000, 0x00000000eed00000| Complete 
| 238|0x00000000eee00000, 0x00000000eef00000, 0x00000000eef00000|100%| E|CS|TAMS 0x00000000eee00000, 0x00000000eee00000| Complete 
| 239|0x00000000eef00000, 0x00000000ef000000, 0x00000000ef000000|100%| E|CS|TAMS 0x00000000eef00000, 0x00000000eef00000| Complete 
| 240|0x00000000ef000000, 0x00000000ef100000, 0x00000000ef100000|100%| E|CS|TAMS 0x00000000ef000000, 0x00000000ef000000| Complete 
| 241|0x00000000ef100000, 0x00000000ef200000, 0x00000000ef200000|100%| E|CS|TAMS 0x00000000ef100000, 0x00000000ef100000| Complete 
| 242|0x00000000ef200000, 0x00000000ef300000, 0x00000000ef300000|100%| E|CS|TAMS 0x00000000ef200000, 0x00000000ef200000| Complete 
| 243|0x00000000ef300000, 0x00000000ef400000, 0x00000000ef400000|100%| E|CS|TAMS 0x00000000ef300000, 0x00000000ef300000| Complete 
| 244|0x00000000ef400000, 0x00000000ef500000, 0x00000000ef500000|100%| E|CS|TAMS 0x00000000ef400000, 0x00000000ef400000| Complete 
| 245|0x00000000ef500000, 0x00000000ef600000, 0x00000000ef600000|100%| E|CS|TAMS 0x00000000ef500000, 0x00000000ef500000| Complete 
| 246|0x00000000ef600000, 0x00000000ef700000, 0x00000000ef700000|100%| E|CS|TAMS 0x00000000ef600000, 0x00000000ef600000| Complete 
| 247|0x00000000ef700000, 0x00000000ef800000, 0x00000000ef800000|100%| E|CS|TAMS 0x00000000ef700000, 0x00000000ef700000| Complete 
| 248|0x00000000ef800000, 0x00000000ef900000, 0x00000000ef900000|100%| E|CS|TAMS 0x00000000ef800000, 0x00000000ef800000| Complete 
| 249|0x00000000ef900000, 0x00000000efa00000, 0x00000000efa00000|100%| E|CS|TAMS 0x00000000ef900000, 0x00000000ef900000| Complete 
| 250|0x00000000efa00000, 0x00000000efb00000, 0x00000000efb00000|100%| E|CS|TAMS 0x00000000efa00000, 0x00000000efa00000| Complete 
| 251|0x00000000efb00000, 0x00000000efc00000, 0x00000000efc00000|100%| E|CS|TAMS 0x00000000efb00000, 0x00000000efb00000| Complete 
| 252|0x00000000efc00000, 0x00000000efd00000, 0x00000000efd00000|100%| E|CS|TAMS 0x00000000efc00000, 0x00000000efc00000| Complete 
| 253|0x00000000efd00000, 0x00000000efe00000, 0x00000000efe00000|100%| E|CS|TAMS 0x00000000efd00000, 0x00000000efd00000| Complete 
| 254|0x00000000efe00000, 0x00000000eff00000, 0x00000000eff00000|100%| E|CS|TAMS 0x00000000efe00000, 0x00000000efe00000| Complete 
| 255|0x00000000eff00000, 0x00000000f0000000, 0x00000000f0000000|100%| E|CS|TAMS 0x00000000eff00000, 0x00000000eff00000| Complete 

Card table byte_map: [0x000001d074620000,0x000001d074720000] _byte_map_base: 0x000001d073f20000

Marking Bits (Prev, Next): (CMBitMap*) 0x000001d06c969520, (CMBitMap*) 0x000001d06c9694e0
 Prev Bits: [0x000001d075020000, 0x000001d075820000)
 Next Bits: [0x000001d074820000, 0x000001d075020000)

Polling page: 0x000001d06c110000

Metaspace:

Usage:
  Non-class:     62.97 MB used.
      Class:      9.99 MB used.
       Both:     72.96 MB used.

Virtual space:
  Non-class space:      128.00 MB reserved,      63.44 MB ( 50%) committed,  2 nodes.
      Class space:      320.00 MB reserved,      10.38 MB (  3%) committed,  1 nodes.
             Both:      448.00 MB reserved,      73.81 MB ( 16%) committed. 

Chunk freelists:
   Non-Class:  15.84 MB
       Class:  5.47 MB
        Both:  21.31 MB

MaxMetaspaceSize: 384.00 MB
CompressedClassSpaceSize: 320.00 MB
Initial GC threshold: 21.00 MB
Current GC threshold: 98.56 MB
CDS: on
MetaspaceReclaimPolicy: balanced
 - commit_granule_bytes: 65536.
 - commit_granule_words: 8192.
 - virtual_space_node_default_size: 8388608.
 - enlarge_chunks_in_place: 1.
 - new_chunks_are_fully_committed: 0.
 - uncommit_free_chunks: 1.
 - use_allocation_guard: 0.
 - handle_deallocations: 1.


Internal statistics:

num_allocs_failed_limit: 9.
num_arena_births: 1084.
num_arena_deaths: 2.
num_vsnodes_births: 3.
num_vsnodes_deaths: 0.
num_space_committed: 1181.
num_space_uncommitted: 0.
num_chunks_returned_to_freelist: 11.
num_chunks_taken_from_freelist: 4460.
num_chunk_merges: 9.
num_chunk_splits: 2774.
num_chunks_enlarged: 1671.
num_inconsistent_stats: 0.

CodeHeap 'non-profiled nmethods': size=120000Kb used=7649Kb max_used=7649Kb free=112350Kb
 bounds [0x000001d007ad0000, 0x000001d008250000, 0x000001d00f000000]
CodeHeap 'profiled nmethods': size=120000Kb used=23438Kb max_used=23438Kb free=96561Kb
 bounds [0x000001d000000000, 0x000001d0016f0000, 0x000001d007530000]
CodeHeap 'non-nmethods': size=5760Kb used=2356Kb max_used=2532Kb free=3404Kb
 bounds [0x000001d007530000, 0x000001d0077c0000, 0x000001d007ad0000]
 total_blobs=12337 nmethods=11460 adapters=788
 compilation: enabled
              stopped_count=0, restarted_count=0
 full_count=0

Compilation events (20 events):
Event: 1039.013 Thread 0x000001d07825fa30 nmethod 13029 0x000001d0016bcc90 code [0x000001d0016bcf60, 0x000001d0016be0b8]
Event: 1039.013 Thread 0x000001d07825fa30 13030       3       org.gradle.internal.management.DefaultDependencyResolutionManagement::getConfiguredRulesMode (25 bytes)
Event: 1039.014 Thread 0x000001d07825fa30 nmethod 13030 0x000001d0016be590 code [0x000001d0016be7a0, 0x000001d0016bef58]
Event: 1039.016 Thread 0x000001d078254c50 nmethod 12952 0x000001d008242490 code [0x000001d008242680, 0x000001d0082435f0]
Event: 1039.017 Thread 0x000001d078254c50 13028       4       java.net.URI$Parser::scan (53 bytes)
Event: 1039.022 Thread 0x000001d07825fa30 13031       3       io.spring.gradle.dependencymanagement.org.apache.maven.model.merge.ModelMerger::mergePluginManagement (10 bytes)
Event: 1039.023 Thread 0x000001d07825fa30 nmethod 13031 0x000001d0016bf210 code [0x000001d0016bf3a0, 0x000001d0016bf568]
Event: 1039.025 Thread 0x000001d078254c50 nmethod 13028 0x000001d008243c90 code [0x000001d008243e40, 0x000001d008244308]
Event: 1039.025 Thread 0x000001d078254c50 12934       4       java.util.IdentityHashMap::get (60 bytes)
Event: 1039.029 Thread 0x000001d078254c50 nmethod 12934 0x000001d008244690 code [0x000001d008244820, 0x000001d008244a28]
Event: 1039.029 Thread 0x000001d078254c50 12966       4       org.gradle.internal.configuration.inputs.AccessTrackingProperties::getAndReportAccess (35 bytes)
Event: 1039.034 Thread 0x000001d07825fa30 13032   !   3       sun.net.www.protocol.jar.JarFileFactory::getOrCreate (91 bytes)
Event: 1039.035 Thread 0x000001d07825fa30 nmethod 13032 0x000001d0016bf610 code [0x000001d0016bf860, 0x000001d0016bff98]
Event: 1039.039 Thread 0x000001d078254c50 nmethod 12966 0x000001d008244c10 code [0x000001d008244de0, 0x000001d008245358]
Event: 1039.039 Thread 0x000001d078254c50 13033       4       io.spring.gradle.dependencymanagement.org.apache.maven.model.InputLocation::<init> (30 bytes)
Event: 1039.041 Thread 0x000001d078254c50 nmethod 13033 0x000001d008245890 code [0x000001d008245a00, 0x000001d008245b78]
Event: 1039.041 Thread 0x000001d078254c50 12967       4       io.spring.gradle.dependencymanagement.internal.maven.PropertySourceValueSource::getValue (11 bytes)
Event: 1039.047 Thread 0x000001d07825fa30 13034       3       org.gradle.util.internal.GUtil::flatten (135 bytes)
Event: 1039.048 Thread 0x000001d07825fa30 nmethod 13034 0x000001d0016c0290 code [0x000001d0016c0560, 0x000001d0016c18b8]
Event: 1039.051 Thread 0x000001d07825fa30 13036       3       org.gradle.internal.component.external.model.AbstractModuleComponentResolveMetadata::<init> (136 bytes)

GC Heap History (20 events):
Event: 3.976 GC heap before
{Heap before GC invocations=2 (full 0):
 garbage-first heap   total 262144K, used 121653K [0x00000000e0000000, 0x0000000100000000)
  region size 1024K, 107 young (109568K), 2 survivors (2048K)
 Metaspace       used 18563K, committed 18944K, reserved 393216K
  class space    used 2684K, committed 2880K, reserved 327680K
}
Event: 3.988 GC heap after
{Heap after GC invocations=3 (full 0):
 garbage-first heap   total 262144K, used 22985K [0x00000000e0000000, 0x0000000100000000)
  region size 1024K, 11 young (11264K), 11 survivors (11264K)
 Metaspace       used 18563K, committed 18944K, reserved 393216K
  class space    used 2684K, committed 2880K, reserved 327680K
}
Event: 4.358 GC heap before
{Heap before GC invocations=3 (full 0):
 garbage-first heap   total 262144K, used 44489K [0x00000000e0000000, 0x0000000100000000)
  region size 1024K, 33 young (33792K), 11 survivors (11264K)
 Metaspace       used 21234K, committed 21504K, reserved 393216K
  class space    used 3124K, committed 3264K, reserved 327680K
}
Event: 4.365 GC heap after
{Heap after GC invocations=4 (full 0):
 garbage-first heap   total 262144K, used 24613K [0x00000000e0000000, 0x0000000100000000)
  region size 1024K, 12 young (12288K), 12 survivors (12288K)
 Metaspace       used 21234K, committed 21504K, reserved 393216K
  class space    used 3124K, committed 3264K, reserved 327680K
}
Event: 6.114 GC heap before
{Heap before GC invocations=5 (full 0):
 garbage-first heap   total 262144K, used 160805K [0x00000000e0000000, 0x0000000100000000)
  region size 1024K, 131 young (134144K), 12 survivors (12288K)
 Metaspace       used 35676K, committed 36096K, reserved 393216K
  class space    used 4974K, committed 5184K, reserved 327680K
}
Event: 6.131 GC heap after
{Heap after GC invocations=6 (full 0):
 garbage-first heap   total 262144K, used 46034K [0x00000000e0000000, 0x0000000100000000)
  region size 1024K, 12 young (12288K), 12 survivors (12288K)
 Metaspace       used 35676K, committed 36096K, reserved 393216K
  class space    used 4974K, committed 5184K, reserved 327680K
}
Event: 8.475 GC heap before
{Heap before GC invocations=7 (full 0):
 garbage-first heap   total 262144K, used 200658K [0x00000000e0000000, 0x0000000100000000)
  region size 1024K, 153 young (156672K), 12 survivors (12288K)
 Metaspace       used 49731K, committed 50240K, reserved 393216K
  class space    used 7001K, committed 7232K, reserved 327680K
}
Event: 8.492 GC heap after
{Heap after GC invocations=8 (full 0):
 garbage-first heap   total 262144K, used 66560K [0x00000000e0000000, 0x0000000100000000)
  region size 1024K, 20 young (20480K), 20 survivors (20480K)
 Metaspace       used 49731K, committed 50240K, reserved 393216K
  class space    used 7001K, committed 7232K, reserved 327680K
}
Event: 10.128 GC heap before
{Heap before GC invocations=8 (full 0):
 garbage-first heap   total 262144K, used 225280K [0x00000000e0000000, 0x0000000100000000)
  region size 1024K, 146 young (149504K), 20 survivors (20480K)
 Metaspace       used 58745K, committed 59456K, reserved 393216K
  class space    used 8430K, committed 8768K, reserved 327680K
}
Event: 10.146 GC heap after
{Heap after GC invocations=9 (full 0):
 garbage-first heap   total 262144K, used 109699K [0x00000000e0000000, 0x0000000100000000)
  region size 1024K, 14 young (14336K), 14 survivors (14336K)
 Metaspace       used 58745K, committed 59456K, reserved 393216K
  class space    used 8430K, committed 8768K, reserved 327680K
}
Event: 10.284 GC heap before
{Heap before GC invocations=9 (full 0):
 garbage-first heap   total 262144K, used 118915K [0x00000000e0000000, 0x0000000100000000)
  region size 1024K, 24 young (24576K), 14 survivors (14336K)
 Metaspace       used 59611K, committed 60288K, reserved 393216K
  class space    used 8543K, committed 8832K, reserved 327680K
}
Event: 10.292 GC heap after
{Heap after GC invocations=10 (full 0):
 garbage-first heap   total 262144K, used 110808K [0x00000000e0000000, 0x0000000100000000)
  region size 1024K, 2 young (2048K), 2 survivors (2048K)
 Metaspace       used 59611K, committed 60288K, reserved 393216K
  class space    used 8543K, committed 8832K, reserved 327680K
}
Event: 11.801 GC heap before
{Heap before GC invocations=11 (full 0):
 garbage-first heap   total 262144K, used 208088K [0x00000000e0000000, 0x0000000100000000)
  region size 1024K, 97 young (99328K), 2 survivors (2048K)
 Metaspace       used 63184K, committed 63936K, reserved 393216K
  class space    used 8864K, committed 9216K, reserved 327680K
}
Event: 11.808 GC heap after
{Heap after GC invocations=12 (full 0):
 garbage-first heap   total 262144K, used 116598K [0x00000000e0000000, 0x0000000100000000)
  region size 1024K, 8 young (8192K), 8 survivors (8192K)
 Metaspace       used 63184K, committed 63936K, reserved 393216K
  class space    used 8864K, committed 9216K, reserved 327680K
}
Event: 13.394 GC heap before
{Heap before GC invocations=12 (full 0):
 garbage-first heap   total 262144K, used 209782K [0x00000000e0000000, 0x0000000100000000)
  region size 1024K, 99 young (101376K), 8 survivors (8192K)
 Metaspace       used 66740K, committed 67456K, reserved 393216K
  class space    used 9365K, committed 9728K, reserved 327680K
}
Event: 13.402 GC heap after
{Heap after GC invocations=13 (full 0):
 garbage-first heap   total 262144K, used 118133K [0x00000000e0000000, 0x0000000100000000)
  region size 1024K, 5 young (5120K), 5 survivors (5120K)
 Metaspace       used 66740K, committed 67456K, reserved 393216K
  class space    used 9365K, committed 9728K, reserved 327680K
}
Event: 14.359 GC heap before
{Heap before GC invocations=13 (full 0):
 garbage-first heap   total 262144K, used 213365K [0x00000000e0000000, 0x0000000100000000)
  region size 1024K, 97 young (99328K), 5 survivors (5120K)
 Metaspace       used 71221K, committed 71936K, reserved 393216K
  class space    used 9866K, committed 10176K, reserved 327680K
}
Event: 14.370 GC heap after
{Heap after GC invocations=14 (full 0):
 garbage-first heap   total 262144K, used 125647K [0x00000000e0000000, 0x0000000100000000)
  region size 1024K, 12 young (12288K), 12 survivors (12288K)
 Metaspace       used 71221K, committed 71936K, reserved 393216K
  class space    used 9866K, committed 10176K, reserved 327680K
}
Event: 1036.760 GC heap before
{Heap before GC invocations=14 (full 0):
 garbage-first heap   total 262144K, used 212687K [0x00000000e0000000, 0x0000000100000000)
  region size 1024K, 98 young (100352K), 12 survivors (12288K)
 Metaspace       used 74315K, committed 75136K, reserved 393216K
  class space    used 10221K, committed 10624K, reserved 327680K
}
Event: 1036.839 GC heap after
{Heap after GC invocations=15 (full 0):
 garbage-first heap   total 262144K, used 133497K [0x00000000e0000000, 0x0000000100000000)
  region size 1024K, 8 young (8192K), 8 survivors (8192K)
 Metaspace       used 74315K, committed 75136K, reserved 393216K
  class space    used 10221K, committed 10624K, reserved 327680K
}

Deoptimization events (20 events):
Event: 1035.761 Thread 0x000001d024317330 DEOPT PACKING pc=0x000001d007cef300 sp=0x0000005674af9150
Event: 1035.761 Thread 0x000001d024317330 DEOPT UNPACKING pc=0x000001d0075823a3 sp=0x0000005674af90f0 mode 2
Event: 1035.769 Thread 0x000001d024317330 Uncommon trap: trap_request=0xfffffff4 fr.pc=0x000001d008185514 relative=0x0000000000001014
Event: 1035.769 Thread 0x000001d024317330 Uncommon trap: reason=null_check action=make_not_entrant pc=0x000001d008185514 method=org.gradle.cache.internal.DefaultCrossBuildInMemoryCacheFactory$DefaultCrossBuildInMemoryCache.maybeGetRetainedValue(Ljava/lang/Object;)Ljava/lang/Object; @ 10 c2
Event: 1035.769 Thread 0x000001d024317330 DEOPT PACKING pc=0x000001d008185514 sp=0x0000005674af9fa0
Event: 1035.769 Thread 0x000001d024317330 DEOPT UNPACKING pc=0x000001d0075823a3 sp=0x0000005674af9f28 mode 2
Event: 1035.790 Thread 0x000001d024317330 Uncommon trap: trap_request=0xffffff45 fr.pc=0x000001d0080667f8 relative=0x0000000000000398
Event: 1035.790 Thread 0x000001d024317330 Uncommon trap: reason=unstable_if action=reinterpret pc=0x000001d0080667f8 method=org.gradle.internal.reflect.PropertyAccessorType.isSetterName(Ljava/lang/String;)Z @ 14 c2
Event: 1035.790 Thread 0x000001d024317330 DEOPT PACKING pc=0x000001d0080667f8 sp=0x0000005674af8fc0
Event: 1035.790 Thread 0x000001d024317330 DEOPT UNPACKING pc=0x000001d0075823a3 sp=0x0000005674af8f18 mode 2
Event: 1035.842 Thread 0x000001d024317330 Uncommon trap: trap_request=0xffffff45 fr.pc=0x000001d00804e220 relative=0x0000000000000080
Event: 1035.842 Thread 0x000001d024317330 Uncommon trap: reason=unstable_if action=reinterpret pc=0x000001d00804e220 method=io.spring.gradle.dependencymanagement.internal.DependencyManagement.resolveIfNecessary()V @ 16 c2
Event: 1035.842 Thread 0x000001d024317330 DEOPT PACKING pc=0x000001d00804e220 sp=0x0000005674af8400
Event: 1035.842 Thread 0x000001d024317330 DEOPT UNPACKING pc=0x000001d0075823a3 sp=0x0000005674af8390 mode 2
Event: 1036.416 Thread 0x000001d024317330 DEOPT PACKING pc=0x000001d00095156b sp=0x0000005674af6320
Event: 1036.416 Thread 0x000001d024317330 DEOPT UNPACKING pc=0x000001d007582b43 sp=0x0000005674af57c8 mode 0
Event: 1036.652 Thread 0x000001d024317330 DEOPT PACKING pc=0x000001d000d8975d sp=0x0000005674af72c0
Event: 1036.653 Thread 0x000001d024317330 DEOPT UNPACKING pc=0x000001d007582b43 sp=0x0000005674af68b8 mode 0
Event: 1037.074 Thread 0x000001d024317330 DEOPT PACKING pc=0x000001d00095156b sp=0x0000005674af6570
Event: 1037.074 Thread 0x000001d024317330 DEOPT UNPACKING pc=0x000001d007582b43 sp=0x0000005674af5a18 mode 0

Classes unloaded (1 events):
Event: 10.337 Thread 0x000001d078230450 Unloading class 0x000001d0106c4000 '_BuildScript_'

Classes redefined (0 events):
No events

Internal exceptions (20 events):
Event: 1035.189 Thread 0x000001d024317330 Exception <a 'java/lang/ClassNotFoundException'{0x00000000ec5a4808}: org/gradle/execution/taskgraph/DefaultTaskExecutionGraphCustomizer> (0x00000000ec5a4808) 
thrown [s\open\src\hotspot\share\classfile\systemDictionary.cpp, line 256]
Event: 1035.294 Thread 0x000001d07e9869e0 Exception <a 'sun/nio/fs/WindowsException'{0x00000000ec412a70}> (0x00000000ec412a70) 
thrown [s\open\src\hotspot\share\prims\jni.cpp, line 516]
Event: 1035.296 Thread 0x000001d07e9869e0 Exception <a 'sun/nio/fs/WindowsException'{0x00000000ec413160}> (0x00000000ec413160) 
thrown [s\open\src\hotspot\share\prims\jni.cpp, line 516]
Event: 1035.357 Thread 0x000001d07e987400 Exception <a 'sun/nio/fs/WindowsException'{0x00000000ec45b168}> (0x00000000ec45b168) 
thrown [s\open\src\hotspot\share\prims\jni.cpp, line 516]
Event: 1035.357 Thread 0x000001d07e987400 Exception <a 'sun/nio/fs/WindowsException'{0x00000000ec45b840}> (0x00000000ec45b840) 
thrown [s\open\src\hotspot\share\prims\jni.cpp, line 516]
Event: 1035.371 Thread 0x000001d07e987400 Exception <a 'sun/nio/fs/WindowsException'{0x00000000ec467180}> (0x00000000ec467180) 
thrown [s\open\src\hotspot\share\prims\jni.cpp, line 516]
Event: 1035.386 Thread 0x000001d024317330 Exception <a 'java/lang/ClassNotFoundException'{0x00000000ec4c3538}: Build_customize_phone_validate_e9silb5sri0fl1540ct8i0eftBeanInfo> (0x00000000ec4c3538) 
thrown [s\open\src\hotspot\share\classfile\systemDictionary.cpp, line 256]
Event: 1035.387 Thread 0x000001d024317330 Exception <a 'java/lang/ClassNotFoundException'{0x00000000ec4c9fc8}: Build_customize_phone_validate_e9silb5sri0fl1540ct8i0eftCustomizer> (0x00000000ec4c9fc8) 
thrown [s\open\src\hotspot\share\classfile\systemDictionary.cpp, line 256]
Event: 1035.417 Thread 0x000001d024317330 Exception <a 'sun/nio/fs/WindowsException'{0x00000000ec30f7d0}> (0x00000000ec30f7d0) 
thrown [s\open\src\hotspot\share\prims\jni.cpp, line 516]
Event: 1035.419 Thread 0x000001d024317330 Exception <a 'sun/nio/fs/WindowsException'{0x00000000ec310d38}> (0x00000000ec310d38) 
thrown [s\open\src\hotspot\share\prims\jni.cpp, line 516]
Event: 1035.420 Thread 0x000001d024317330 Exception <a 'sun/nio/fs/WindowsException'{0x00000000ec3122a0}> (0x00000000ec3122a0) 
thrown [s\open\src\hotspot\share\prims\jni.cpp, line 516]
Event: 1035.421 Thread 0x000001d024317330 Exception <a 'sun/nio/fs/WindowsException'{0x00000000ec3137f8}> (0x00000000ec3137f8) 
thrown [s\open\src\hotspot\share\prims\jni.cpp, line 516]
Event: 1035.566 Thread 0x000001d024317330 Implicit null exception at 0x000001d0080562e0 to 0x000001d0080563a0
Event: 1035.738 Thread 0x000001d024317330 Exception <a 'java/lang/NoClassDefFoundError'{0x00000000ebe9c620}: org/jetbrains/kotlin/gradle/plugin/KotlinPluginWrapper> (0x00000000ebe9c620) 
thrown [s\open\src\hotspot\share\oops\constantPool.cpp, line 835]
Event: 1035.738 Thread 0x000001d024317330 Exception <a 'java/lang/NoClassDefFoundError'{0x00000000ebe9e718}: org/graalvm/buildtools/gradle/NativeImagePlugin> (0x00000000ebe9e718) 
thrown [s\open\src\hotspot\share\oops\constantPool.cpp, line 835]
Event: 1035.738 Thread 0x000001d024317330 Exception <a 'java/lang/NoClassDefFoundError'{0x00000000ebea0aa0}: org/cyclonedx/gradle/CycloneDxPlugin> (0x00000000ebea0aa0) 
thrown [s\open\src\hotspot\share\oops\constantPool.cpp, line 835]
Event: 1035.769 Thread 0x000001d024317330 Implicit null exception at 0x000001d008184880 to 0x000001d008185508
Event: 1035.799 Thread 0x000001d024317330 Exception <a 'java/lang/NoSuchMethodError'{0x00000000ebddcee0}: 'java.lang.Object java.lang.invoke.DirectMethodHandle$Holder.newInvokeSpecial(java.lang.Object, java.lang.Object, java.lang.Object, java.lang.Object, java.lang.Object, java.lang.Object, int)'> (0x00000000ebddcee0) 
thrown [s\open\src\hotspot\share\interpreter\linkResolver.cpp, line 759]
Event: 1035.800 Thread 0x000001d024317330 Exception <a 'java/lang/NoSuchMethodError'{0x00000000ebde2920}: 'java.lang.Object java.lang.invoke.DirectMethodHandle$Holder.invokeSpecial(java.lang.Object, java.lang.Object, java.lang.Object, java.lang.Object, java.lang.Object, java.lang.Object, java.lang.Object, int)'> (0x00000000ebde2920) 
thrown [s\open\src\hotspot\share\interpreter\linkResolver.cpp, line 759]
Event: 1035.800 Thread 0x000001d024317330 Exception <a 'java/lang/NoSuchMethodError'{0x00000000ebde7cf8}: 'java.lang.Object java.lang.invoke.Invokers$Holder.linkToTargetMethod(java.lang.Object, java.lang.Object, java.lang.Object, java.lang.Object, java.lang.Object, int, java.lang.Object)'> (0x00000000ebde7cf8) 
thrown [s\open\src\hotspot\share\interpreter\linkResolver.cpp, line 759]

VM Operations (20 events):
Event: 873.032 Executing VM operation: Cleanup
Event: 873.032 Executing VM operation: Cleanup done
Event: 894.270 Executing VM operation: Cleanup
Event: 894.270 Executing VM operation: Cleanup done
Event: 1013.385 Executing VM operation: Cleanup
Event: 1013.385 Executing VM operation: Cleanup done
Event: 1034.576 Executing VM operation: Cleanup
Event: 1034.576 Executing VM operation: Cleanup done
Event: 1035.541 Executing VM operation: ICBufferFull
Event: 1035.541 Executing VM operation: ICBufferFull done
Event: 1035.736 Executing VM operation: ICBufferFull
Event: 1035.737 Executing VM operation: ICBufferFull done
Event: 1035.957 Executing VM operation: ICBufferFull
Event: 1035.957 Executing VM operation: ICBufferFull done
Event: 1036.758 Executing VM operation: G1CollectForAllocation
Event: 1036.851 Executing VM operation: G1CollectForAllocation done
Event: 1037.861 Executing VM operation: Cleanup
Event: 1037.862 Executing VM operation: Cleanup done
Event: 1038.867 Executing VM operation: Cleanup
Event: 1038.867 Executing VM operation: Cleanup done

Events (20 events):
Event: 1037.084 Thread 0x000001d025ee5de0 Thread added: 0x000001d025ee5de0
Event: 1037.095 Thread 0x000001d025ee6d10 Thread added: 0x000001d025ee6d10
Event: 1037.130 Thread 0x000001d025ee6800 Thread added: 0x000001d025ee6800
Event: 1037.157 Thread 0x000001d025eeb900 Thread added: 0x000001d025eeb900
Event: 1037.177 Thread 0x000001d025ee9080 Thread added: 0x000001d025ee9080
Event: 1037.287 Thread 0x000001d025ee4490 Thread added: 0x000001d025ee4490
Event: 1037.336 Thread 0x000001d025ee9590 Thread added: 0x000001d025ee9590
Event: 1037.374 Thread 0x000001d025eebe10 Thread added: 0x000001d025eebe10
Event: 1038.191 Thread 0x000001d025eea4c0 Thread added: 0x000001d025eea4c0
Event: 1038.219 Thread 0x000001d025ee49a0 Thread added: 0x000001d025ee49a0
Event: 1038.243 Thread 0x000001d025ee7730 Thread added: 0x000001d025ee7730
Event: 1038.271 Thread 0x000001d07e29ff20 Thread added: 0x000001d07e29ff20
Event: 1038.295 Thread 0x000001d07e29d6a0 Thread added: 0x000001d07e29d6a0
Event: 1038.311 Thread 0x000001d07e29e0c0 Thread added: 0x000001d07e29e0c0
Event: 1038.324 Thread 0x000001d07e2a0430 Thread added: 0x000001d07e2a0430
Event: 1038.330 Thread 0x000001d07e29e5d0 Thread added: 0x000001d07e29e5d0
Event: 1038.343 Thread 0x000001d07e2a0940 Thread added: 0x000001d07e2a0940
Event: 1038.351 Thread 0x000001d07e987910 Thread added: 0x000001d07e987910
Event: 1038.364 Thread 0x000001d07e989260 Thread added: 0x000001d07e989260
Event: 1038.378 Thread 0x000001d07e988840 Thread added: 0x000001d07e988840


Dynamic libraries:
0x00007ff675920000 - 0x00007ff675930000 	C:\Program Files\Java\jdk-17\bin\java.exe
0x00007ff973110000 - 0x00007ff973308000 	C:\WINDOWS\SYSTEM32\ntdll.dll
0x00007ff971830000 - 0x00007ff9718f1000 	C:\WINDOWS\System32\KERNEL32.DLL
0x00007ff970be0000 - 0x00007ff970ed6000 	C:\WINDOWS\System32\KERNELBASE.dll
0x00007ff970ae0000 - 0x00007ff970be0000 	C:\WINDOWS\System32\ucrtbase.dll
0x00007ff959da0000 - 0x00007ff959db9000 	C:\Program Files\Java\jdk-17\bin\jli.dll
0x00007ff95ab30000 - 0x00007ff95ab4b000 	C:\Program Files\Java\jdk-17\bin\VCRUNTIME140.dll
0x00007ff971140000 - 0x00007ff9711f0000 	C:\WINDOWS\System32\ADVAPI32.dll
0x00007ff972970000 - 0x00007ff972a0e000 	C:\WINDOWS\System32\msvcrt.dll
0x00007ff972a10000 - 0x00007ff972ab0000 	C:\WINDOWS\System32\sechost.dll
0x00007ff972c90000 - 0x00007ff972db3000 	C:\WINDOWS\System32\RPCRT4.dll
0x00007ff971010000 - 0x00007ff971037000 	C:\WINDOWS\System32\bcrypt.dll
0x00007ff971690000 - 0x00007ff97182f000 	C:\WINDOWS\System32\USER32.dll
0x00007ff970ab0000 - 0x00007ff970ad2000 	C:\WINDOWS\System32\win32u.dll
0x00007ff95c950000 - 0x00007ff95cbea000 	C:\WINDOWS\WinSxS\amd64_microsoft.windows.common-controls_6595b64144ccf1df_6.0.19041.4355_none_60b8b9eb71f62e16\COMCTL32.dll
0x00007ff971900000 - 0x00007ff97192b000 	C:\WINDOWS\System32\GDI32.dll
0x00007ff970920000 - 0x00007ff970a37000 	C:\WINDOWS\System32\gdi32full.dll
0x00007ff970f70000 - 0x00007ff97100d000 	C:\WINDOWS\System32\msvcp_win.dll
0x00007ff969ad0000 - 0x00007ff969ada000 	C:\WINDOWS\SYSTEM32\VERSION.dll
0x00007ff972f70000 - 0x00007ff972f9f000 	C:\WINDOWS\System32\IMM32.DLL
0x00007ff95ace0000 - 0x00007ff95acec000 	C:\Program Files\Java\jdk-17\bin\vcruntime140_1.dll
0x00007ff94ea50000 - 0x00007ff94eade000 	C:\Program Files\Java\jdk-17\bin\msvcp140.dll
0x00007ff8f3a80000 - 0x00007ff8f465f000 	C:\Program Files\Java\jdk-17\bin\server\jvm.dll
0x00007ff971660000 - 0x00007ff971668000 	C:\WINDOWS\System32\PSAPI.DLL
0x00007ff951a80000 - 0x00007ff951a89000 	C:\WINDOWS\SYSTEM32\WSOCK32.dll
0x00007ff95baf0000 - 0x00007ff95bb17000 	C:\WINDOWS\SYSTEM32\WINMM.dll
0x00007ff972fa0000 - 0x00007ff97300b000 	C:\WINDOWS\System32\WS2_32.dll
0x00007ff96e6d0000 - 0x00007ff96e6e2000 	C:\WINDOWS\SYSTEM32\kernel.appcore.dll
0x00007ff95ac30000 - 0x00007ff95ac3a000 	C:\Program Files\Java\jdk-17\bin\jimage.dll
0x00007ff96e370000 - 0x00007ff96e554000 	C:\WINDOWS\SYSTEM32\DBGHELP.DLL
0x00007ff958020000 - 0x00007ff958054000 	C:\WINDOWS\SYSTEM32\dbgcore.DLL
0x00007ff970ee0000 - 0x00007ff970f62000 	C:\WINDOWS\System32\bcryptPrimitives.dll
0x00007ff969ed0000 - 0x00007ff969ede000 	C:\Program Files\Java\jdk-17\bin\instrument.dll
0x00007ff953b20000 - 0x00007ff953b45000 	C:\Program Files\Java\jdk-17\bin\java.dll
0x00007ff932cb0000 - 0x00007ff932d87000 	C:\Program Files\Java\jdk-17\bin\jsvml.dll
0x00007ff971bd0000 - 0x00007ff97233c000 	C:\WINDOWS\System32\SHELL32.dll
0x00007ff96e840000 - 0x00007ff96efde000 	C:\WINDOWS\SYSTEM32\windows.storage.dll
0x00007ff9723c0000 - 0x00007ff972713000 	C:\WINDOWS\System32\combase.dll
0x00007ff9701e0000 - 0x00007ff97020e000 	C:\WINDOWS\SYSTEM32\Wldp.dll
0x00007ff9728a0000 - 0x00007ff97296d000 	C:\WINDOWS\System32\OLEAUT32.dll
0x00007ff973010000 - 0x00007ff9730bd000 	C:\WINDOWS\System32\SHCORE.dll
0x00007ff972720000 - 0x00007ff972775000 	C:\WINDOWS\System32\shlwapi.dll
0x00007ff9706f0000 - 0x00007ff970714000 	C:\WINDOWS\SYSTEM32\profapi.dll
0x00007ff957cd0000 - 0x00007ff957ce8000 	C:\Program Files\Java\jdk-17\bin\zip.dll
0x00007ff958810000 - 0x00007ff958829000 	C:\Program Files\Java\jdk-17\bin\net.dll
0x00007ff967780000 - 0x00007ff96788a000 	C:\WINDOWS\SYSTEM32\WINHTTP.dll
0x00007ff96ff40000 - 0x00007ff96ffaa000 	C:\WINDOWS\system32\mswsock.dll
0x00007ff957f20000 - 0x00007ff957f36000 	C:\Program Files\Java\jdk-17\bin\nio.dll
0x00007ff95aa70000 - 0x00007ff95aa80000 	C:\Program Files\Java\jdk-17\bin\verify.dll
0x00007ff952a00000 - 0x00007ff952a27000 	C:\Users\asus\.gradle\native\c067742578af261105cb4f569cf0c3c89f3d7b1fecec35dd04571415982c5e48\windows-amd64\native-platform.dll
0x00007ff932ec0000 - 0x00007ff933004000 	C:\Users\asus\.gradle\native\100fb08df4bc3b14c8652ba06237920a3bd2aa13389f12d3474272988ae205f9\windows-amd64\native-platform-file-events.dll
0x00007ff969d30000 - 0x00007ff969d3a000 	C:\Program Files\Java\jdk-17\bin\management.dll
0x00007ff969d20000 - 0x00007ff969d2b000 	C:\Program Files\Java\jdk-17\bin\management_ext.dll
0x00007ff970130000 - 0x00007ff970148000 	C:\WINDOWS\SYSTEM32\CRYPTSP.dll
0x00007ff96f7f0000 - 0x00007ff96f824000 	C:\WINDOWS\system32\rsaenh.dll
0x00007ff9706a0000 - 0x00007ff9706ce000 	C:\WINDOWS\SYSTEM32\USERENV.dll
0x00007ff970150000 - 0x00007ff97015c000 	C:\WINDOWS\SYSTEM32\CRYPTBASE.dll
0x00007ff96fbd0000 - 0x00007ff96fc0b000 	C:\WINDOWS\SYSTEM32\IPHLPAPI.DLL
0x00007ff9730c0000 - 0x00007ff9730c8000 	C:\WINDOWS\System32\NSI.dll
0x00007ff968f10000 - 0x00007ff968f27000 	C:\WINDOWS\SYSTEM32\dhcpcsvc6.DLL
0x00007ff968dd0000 - 0x00007ff968ded000 	C:\WINDOWS\SYSTEM32\dhcpcsvc.DLL
0x00007ff96fc20000 - 0x00007ff96fcea000 	C:\WINDOWS\SYSTEM32\DNSAPI.dll
0x00007ff969c40000 - 0x00007ff969c4e000 	C:\Program Files\Java\jdk-17\bin\sunmscapi.dll
0x00007ff9707c0000 - 0x00007ff97091e000 	C:\WINDOWS\System32\CRYPT32.dll
0x00007ff970250000 - 0x00007ff970279000 	C:\WINDOWS\SYSTEM32\ncrypt.dll
0x00007ff970210000 - 0x00007ff97024b000 	C:\WINDOWS\SYSTEM32\NTASN1.dll
0x00007ff95ad10000 - 0x00007ff95ad17000 	C:\WINDOWS\system32\wshunix.dll

dbghelp: loaded successfully - version: 4.0.5 - missing functions: none
symbol engine: initialized successfully - sym options: 0x614 - pdb path: .;C:\Program Files\Java\jdk-17\bin;C:\WINDOWS\SYSTEM32;C:\WINDOWS\WinSxS\amd64_microsoft.windows.common-controls_6595b64144ccf1df_6.0.19041.4355_none_60b8b9eb71f62e16;C:\Program Files\Java\jdk-17\bin\server;C:\Users\asus\.gradle\native\c067742578af261105cb4f569cf0c3c89f3d7b1fecec35dd04571415982c5e48\windows-amd64;C:\Users\asus\.gradle\native\100fb08df4bc3b14c8652ba06237920a3bd2aa13389f12d3474272988ae205f9\windows-amd64

VM Arguments:
jvm_args: --add-opens=java.base/java.util=ALL-UNNAMED --add-opens=java.base/java.lang=ALL-UNNAMED --add-opens=java.base/java.lang.invoke=ALL-UNNAMED --add-opens=java.prefs/java.util.prefs=ALL-UNNAMED --add-opens=java.base/java.nio.charset=ALL-UNNAMED --add-opens=java.base/java.net=ALL-UNNAMED --add-opens=java.base/java.util.concurrent.atomic=ALL-UNNAMED -XX:MaxMetaspaceSize=384m -XX:+HeapDumpOnOutOfMemoryError -Xms256m -Xmx512m -Dfile.encoding=windows-1252 -Duser.country=US -Duser.language=en -Duser.variant -javaagent:C:\Users\asus\.gradle\wrapper\dists\gradle-8.8-bin\dl7vupf4psengwqhwktix4v1\gradle-8.8\lib\agents\gradle-instrumentation-agent-8.8.jar 
java_command: org.gradle.launcher.daemon.bootstrap.GradleDaemon 8.8
java_class_path (initial): C:\Users\asus\.gradle\wrapper\dists\gradle-8.8-bin\dl7vupf4psengwqhwktix4v1\gradle-8.8\lib\gradle-launcher-8.8.jar
Launcher Type: SUN_STANDARD

[Global flags]
     intx CICompilerCount                          = 4                                         {product} {ergonomic}
   size_t CompressedClassSpaceSize                 = 335544320                                 {product} {ergonomic}
     uint ConcGCThreads                            = 2                                         {product} {ergonomic}
     uint G1ConcRefinementThreads                  = 8                                         {product} {ergonomic}
   size_t G1HeapRegionSize                         = 1048576                                   {product} {ergonomic}
    uintx GCDrainStackTargetSize                   = 64                                        {product} {ergonomic}
     bool HeapDumpOnOutOfMemoryError               = true                                   {manageable} {command line}
   size_t InitialHeapSize                          = 268435456                                 {product} {command line}
   size_t MarkStackSize                            = 4194304                                   {product} {ergonomic}
   size_t MaxHeapSize                              = 536870912                                 {product} {command line}
   size_t MaxMetaspaceSize                         = 402653184                                 {product} {command line}
   size_t MaxNewSize                               = 321912832                                 {product} {ergonomic}
   size_t MinHeapDeltaBytes                        = 1048576                                   {product} {ergonomic}
   size_t MinHeapSize                              = 268435456                                 {product} {command line}
    uintx NonNMethodCodeHeapSize                   = 5839372                                {pd product} {ergonomic}
    uintx NonProfiledCodeHeapSize                  = 122909434                              {pd product} {ergonomic}
    uintx ProfiledCodeHeapSize                     = 122909434                              {pd product} {ergonomic}
    uintx ReservedCodeCacheSize                    = 251658240                              {pd product} {ergonomic}
     bool SegmentedCodeCache                       = true                                      {product} {ergonomic}
   size_t SoftMaxHeapSize                          = 536870912                              {manageable} {ergonomic}
     bool UseCompressedClassPointers               = true                           {product lp64_product} {ergonomic}
     bool UseCompressedOops                        = true                           {product lp64_product} {ergonomic}
     bool UseG1GC                                  = true                                      {product} {ergonomic}
     bool UseLargePagesIndividualAllocation        = false                                  {pd product} {ergonomic}

Logging:
Log output configuration:
 #0: stdout all=warning uptime,level,tags
 #1: stderr all=off uptime,level,tags

Environment Variables:
JAVA_HOME=C:\Program Files\Java\jdk-21
PATH=C:\Program Files\Common Files\Oracle\Java\javapath;C:\Program Files\Common Files\Siemens\Automation\Simatic OAM\bin;C:\Program Files (x86)\Common Files\Intel\Shared Libraries\redist\intel64_win\compiler;C:\WINDOWS\system32;C:\WINDOWS;C:\WINDOWS\System32\Wbem;C:\WINDOWS\System32\WindowsPowerShell\v1.0\;C:\WINDOWS\System32\OpenSSH\;C:\Program Files\Java\jre1.8.0_301\bin;C:\Program Files\Java\jre1.8.0_301\bin;C:\Program Files (x86)\PICC;C:\Program Files\Microsoft SQL Server\150\Tools\Binn\;C:\Program Files\Cloudflare\Cloudflare WARP\;C:\Program Files (x86)\Microsoft SQL Server\160\Tools\Binn\;C:\Program Files\Microsoft SQL Server\160\Tools\Binn\;C:\Program Files\Microsoft SQL Server\Client SDK\ODBC\170\Tools\Binn\;C:\Program Files\Microsoft SQL Server\160\DTS\Binn\;C:\Program Files (x86)\Microsoft SQL Server\160\DTS\Binn\;C:\Program Files\Azure Data Studio\bin;C:\Users\asus\Downloads\apache-tomcat-8.5.34-windows-x64\apache-tomcat-8.5.34\bin;C:\Program Files\Java\jdk-21\bin;C:\Users\asus\Downloads\apache-maven-3.6.0\bin;C:\Program Files\Git\cmd;C:\Users\asus\AppData\Local\Microsoft\WindowsApps;C:\Program Files\Azure Data Studio\bin;C:\Program Files\JetBrains\IntelliJ IDEA 2023.2\bin;;C:\Program Files\JetBrains\WebStorm 2023.3.6\bin;
USERNAME=asus
OS=Windows_NT
PROCESSOR_IDENTIFIER=Intel64 Family 6 Model 158 Stepping 10, GenuineIntel



---------------  S Y S T E M  ---------------

OS:
 Windows 10 , 64 bit Build 19041 (10.0.19041.4597)
OS uptime: 0 days 6:24 hours

CPU: total 8 (initial active 8) (4 cores per cpu, 2 threads per core) family 6 model 158 stepping 10 microcode 0xb4, cx8, cmov, fxsr, ht, mmx, 3dnowpref, sse, sse2, sse3, ssse3, sse4.1, sse4.2, popcnt, lzcnt, tsc, tscinvbit, avx, avx2, aes, erms, clmul, bmi1, bmi2, adx, fma, vzeroupper, clflush, clflushopt

Memory: 4k page, system-wide physical 8043M (513M free)
TotalPageFile size 12139M (AvailPageFile size 4M)
current process WorkingSet (physical memory assigned to process): 308M, peak: 520M
current process commit charge ("private bytes"): 538M, peak: 574M

vm_info: Java HotSpot(TM) 64-Bit Server VM (17.0.10+11-LTS-240) for windows-amd64 JRE (17.0.10+11-LTS-240), built on Dec 19 2023 21:47:25 by "mach5one" with MS VC++ 17.1 (VS2022)

END.
