#
# There is insufficient memory for the Java Runtime Environment to continue.
# Native memory allocation (mmap) failed to map 132120576 bytes for G1 virtual space
# Possible reasons:
#   The system is out of physical RAM or swap space
#   The process is running with CompressedOops enabled, and the Java Heap may be blocking the growth of the native heap
# Possible solutions:
#   Reduce memory load on the system
#   Increase physical memory or swap space
#   Check if swap backing store is full
#   Decrease Java heap size (-Xmx/-Xms)
#   Decrease number of Java threads
#   Decrease Java thread stack sizes (-Xss)
#   Set larger code cache with -XX:ReservedCodeCacheSize=
#   JVM is running with Unscaled Compressed Oops mode in which the Java heap is
#     placed in the first 4GB address space. The Java Heap base address is the
#     maximum limit for the native heap growth. Please use -XX:HeapBaseMinAddress
#     to set the Java Heap base and to place the Java Heap above 4GB virtual address.
# This output file may be truncated or incomplete.
#
#  Out of Memory Error (os_windows.cpp:3548), pid=5740, tid=4860
#
# JRE version:  (17.0.10+11) (build )
# Java VM: Java HotSpot(TM) 64-Bit Server VM (17.0.10+11-LTS-240, mixed mode, emulated-client, sharing, tiered, compressed oops, compressed class ptrs, g1 gc, windows-amd64)
# No core dump will be written. Minidumps are not enabled by default on client versions of Windows
#

---------------  S U M M A R Y ------------

Command Line: -XX:TieredStopAtLevel=1 -Dspring.output.ansi.enabled=always -Dcom.sun.management.jmxremote -Dspring.jmx.enabled=true -Dspring.liveBeansView.mbeanDomain -Dspring.application.admin.enabled=true -Dmanagement.endpoints.jmx.exposure.include=* -javaagent:C:\Program Files\JetBrains\IntelliJ IDEA 2023.2\lib\idea_rt.jar=55881:C:\Program Files\JetBrains\IntelliJ IDEA 2023.2\bin -Dfile.encoding=UTF-8 com.example.customizephonevalidate.CustomizePhoneValidateApplication

Host: Intel(R) Core(TM) i5-9300H CPU @ 2.40GHz, 8 cores, 7G,  Windows 10 , 64 bit Build 19041 (10.0.19041.4597)
Time: Tue Jul 23 14:28:28 2024 SE Asia Standard Time elapsed time: 0.030899 seconds (0d 0h 0m 0s)

---------------  T H R E A D  ---------------

Current thread (0x000001a22639e660):  JavaThread "Unknown thread" [_thread_in_vm, id=4860, stack(0x0000003737400000,0x0000003737500000)]

Stack: [0x0000003737400000,0x0000003737500000]
Native frames: (J=compiled Java code, j=interpreted, Vv=VM code, C=native code)
V  [jvm.dll+0x677a5a]
V  [jvm.dll+0x7d8b2d]
V  [jvm.dll+0x7da48e]
V  [jvm.dll+0x7daaf3]
V  [jvm.dll+0x2455ff]
V  [jvm.dll+0x6749b9]
V  [jvm.dll+0x669382]
V  [jvm.dll+0x302e96]
V  [jvm.dll+0x30a416]
V  [jvm.dll+0x359cbe]
V  [jvm.dll+0x359eef]
V  [jvm.dll+0x2d9e88]
V  [jvm.dll+0x2dadf4]
V  [jvm.dll+0x7aa551]
V  [jvm.dll+0x367911]
V  [jvm.dll+0x789639]
V  [jvm.dll+0x3eb30f]
V  [jvm.dll+0x3ecd91]
C  [jli.dll+0x5297]
C  [ucrtbase.dll+0x21bb2]
C  [KERNEL32.DLL+0x17374]
C  [ntdll.dll+0x4cc91]


---------------  P R O C E S S  ---------------

Threads class SMR info:
_java_thread_list=0x00007ff8f4536a18, length=0, elements={
}

Java Threads: ( => current thread )

Other Threads:
  0x000001a2263f9420 GCTaskThread "GC Thread#0" [stack: 0x0000003737500000,0x0000003737600000] [id=9928]
  0x000001a226409ef0 ConcurrentGCThread "G1 Main Marker" [stack: 0x0000003737600000,0x0000003737700000] [id=10436]
  0x000001a22640a900 ConcurrentGCThread "G1 Conc#0" [stack: 0x0000003737700000,0x0000003737800000] [id=17692]

[error occurred during error reporting (printing all threads), id 0xc0000005, EXCEPTION_ACCESS_VIOLATION (0xc0000005) at pc=0x00007ff8f3d6aae7]

VM state: not at safepoint (not fully initialized)

VM Mutex/Monitor currently owned by a thread:  ([mutex/lock_event])
[0x000001a2263998c0] Heap_lock - owner thread: 0x000001a22639e660

Heap address: 0x0000000082400000, size: 2012 MB, Compressed Oops mode: 32-bit

CDS archive(s) mapped at: [0x0000000000000000-0x0000000000000000-0x0000000000000000), size 0, SharedBaseAddress: 0x0000000800000000, ArchiveRelocationMode: 1.
Narrow klass base: 0x0000000000000000, Narrow klass shift: 0, Narrow klass range: 0x0

GC Precious Log:
<Empty>

Heap:
 garbage-first heap   total 0K, used 0K [0x0000000082400000, 0x0000000100000000)
  region size 1024K, 0 young (0K), 0 survivors (0K)

[error occurred during error reporting (printing heap information), id 0xc0000005, EXCEPTION_ACCESS_VIOLATION (0xc0000005) at pc=0x00007ff8f4151249]

GC Heap History (0 events):
No events

Deoptimization events (0 events):
No events

Classes unloaded (0 events):
No events

Classes redefined (0 events):
No events

Internal exceptions (0 events):
No events

VM Operations (0 events):
No events

Events (1 events):
Event: 0.018 Loaded shared library C:\Program Files\Java\jdk-17\bin\java.dll


Dynamic libraries:
0x00007ff675920000 - 0x00007ff675930000 	C:\Program Files\Java\jdk-17\bin\java.exe
0x00007ff973110000 - 0x00007ff973308000 	C:\WINDOWS\SYSTEM32\ntdll.dll
0x00007ff971830000 - 0x00007ff9718f1000 	C:\WINDOWS\System32\KERNEL32.DLL
0x00007ff970be0000 - 0x00007ff970ed6000 	C:\WINDOWS\System32\KERNELBASE.dll
0x00007ff970ae0000 - 0x00007ff970be0000 	C:\WINDOWS\System32\ucrtbase.dll
0x00007ff959da0000 - 0x00007ff959db9000 	C:\Program Files\Java\jdk-17\bin\jli.dll
0x00007ff971140000 - 0x00007ff9711f0000 	C:\WINDOWS\System32\ADVAPI32.dll
0x00007ff972970000 - 0x00007ff972a0e000 	C:\WINDOWS\System32\msvcrt.dll
0x00007ff972a10000 - 0x00007ff972ab0000 	C:\WINDOWS\System32\sechost.dll
0x00007ff972c90000 - 0x00007ff972db3000 	C:\WINDOWS\System32\RPCRT4.dll
0x00007ff971010000 - 0x00007ff971037000 	C:\WINDOWS\System32\bcrypt.dll
0x00007ff971690000 - 0x00007ff97182f000 	C:\WINDOWS\System32\USER32.dll
0x00007ff970ab0000 - 0x00007ff970ad2000 	C:\WINDOWS\System32\win32u.dll
0x00007ff971900000 - 0x00007ff97192b000 	C:\WINDOWS\System32\GDI32.dll
0x00007ff970920000 - 0x00007ff970a37000 	C:\WINDOWS\System32\gdi32full.dll
0x00007ff970f70000 - 0x00007ff97100d000 	C:\WINDOWS\System32\msvcp_win.dll
0x00007ff95c950000 - 0x00007ff95cbea000 	C:\WINDOWS\WinSxS\amd64_microsoft.windows.common-controls_6595b64144ccf1df_6.0.19041.4355_none_60b8b9eb71f62e16\COMCTL32.dll
0x00007ff969ad0000 - 0x00007ff969ada000 	C:\WINDOWS\SYSTEM32\VERSION.dll
0x00007ff95ab30000 - 0x00007ff95ab4b000 	C:\Program Files\Java\jdk-17\bin\VCRUNTIME140.dll
0x00007ff972f70000 - 0x00007ff972f9f000 	C:\WINDOWS\System32\IMM32.DLL
0x00007ff95ace0000 - 0x00007ff95acec000 	C:\Program Files\Java\jdk-17\bin\vcruntime140_1.dll
0x00007ff94ea50000 - 0x00007ff94eade000 	C:\Program Files\Java\jdk-17\bin\msvcp140.dll
0x00007ff8f3a80000 - 0x00007ff8f465f000 	C:\Program Files\Java\jdk-17\bin\server\jvm.dll
0x00007ff971660000 - 0x00007ff971668000 	C:\WINDOWS\System32\PSAPI.DLL
0x00007ff951a80000 - 0x00007ff951a89000 	C:\WINDOWS\SYSTEM32\WSOCK32.dll
0x00007ff972fa0000 - 0x00007ff97300b000 	C:\WINDOWS\System32\WS2_32.dll
0x00007ff95baf0000 - 0x00007ff95bb17000 	C:\WINDOWS\SYSTEM32\WINMM.dll
0x00007ff96e6d0000 - 0x00007ff96e6e2000 	C:\WINDOWS\SYSTEM32\kernel.appcore.dll
0x00007ff95ac30000 - 0x00007ff95ac3a000 	C:\Program Files\Java\jdk-17\bin\jimage.dll
0x00007ff96e370000 - 0x00007ff96e554000 	C:\WINDOWS\SYSTEM32\DBGHELP.DLL
0x00007ff958020000 - 0x00007ff958054000 	C:\WINDOWS\SYSTEM32\dbgcore.DLL
0x00007ff970ee0000 - 0x00007ff970f62000 	C:\WINDOWS\System32\bcryptPrimitives.dll
0x00007ff969ed0000 - 0x00007ff969ede000 	C:\Program Files\Java\jdk-17\bin\instrument.dll
0x00007ff953b20000 - 0x00007ff953b45000 	C:\Program Files\Java\jdk-17\bin\java.dll

dbghelp: loaded successfully - version: 4.0.5 - missing functions: none
symbol engine: initialized successfully - sym options: 0x614 - pdb path: .;C:\Program Files\Java\jdk-17\bin;C:\WINDOWS\SYSTEM32;C:\WINDOWS\WinSxS\amd64_microsoft.windows.common-controls_6595b64144ccf1df_6.0.19041.4355_none_60b8b9eb71f62e16;C:\Program Files\Java\jdk-17\bin\server

VM Arguments:
jvm_args: -XX:TieredStopAtLevel=1 -Dspring.output.ansi.enabled=always -Dcom.sun.management.jmxremote -Dspring.jmx.enabled=true -Dspring.liveBeansView.mbeanDomain -Dspring.application.admin.enabled=true -Dmanagement.endpoints.jmx.exposure.include=* -javaagent:C:\Program Files\JetBrains\IntelliJ IDEA 2023.2\lib\idea_rt.jar=55881:C:\Program Files\JetBrains\IntelliJ IDEA 2023.2\bin -Dfile.encoding=UTF-8 
java_command: com.example.customizephonevalidate.CustomizePhoneValidateApplication
java_class_path (initial): D:\CodeGym\module4\module 4\ss8_validation\Thuc_hanh\customize-phone-validate\build\classes\java\main;D:\CodeGym\module4\module 4\ss8_validation\Thuc_hanh\customize-phone-validate\build\resources\main;C:\Users\asus\.gradle\caches\modules-2\files-2.1\org.projectlombok\lombok\1.18.34\ec547ef414ab1d2c040118fb9c1c265ada63af14\lombok-1.18.34.jar;C:\Users\asus\.gradle\caches\modules-2\files-2.1\org.springframework.boot\spring-boot-starter-data-jpa\3.3.2\2731d74dfc18fb905c29930cf55493980c2cee5a\spring-boot-starter-data-jpa-3.3.2.jar;C:\Users\asus\.gradle\caches\modules-2\files-2.1\org.springframework.boot\spring-boot-starter-thymeleaf\3.3.2\cdcc62e2bb84c080a474281cf09c28cdfd423955\spring-boot-starter-thymeleaf-3.3.2.jar;C:\Users\asus\.gradle\caches\modules-2\files-2.1\org.springframework.boot\spring-boot-starter-validation\3.3.2\81ee06b318ed35c2a3f4882a0f7b9946a39e1b39\spring-boot-starter-validation-3.3.2.jar;C:\Users\asus\.gradle\caches\modules-2\files-2.1\org.springframework.boot\spring-boot-starter-web\3.3.2\720418538668a8742d0ae24097811d5250cf5c32\spring-boot-starter-web-3.3.2.jar;C:\Users\asus\.gradle\caches\modules-2\files-2.1\org.springframework.boot\spring-boot-starter-aop\3.3.2\26d996e253768d3121bb3ffbef28cefc07fdbddb\spring-boot-starter-aop-3.3.2.jar;C:\Users\asus\.gradle\caches\modules-2\files-2.1\org.springframework.boot\spring-boot-starter-jdbc\3.3.2\544775d745288972598ab2e872e5a4816b6d9b39\spring-boot-starter-jdbc-3.3.2.jar;C:\Users\asus\.gradle\caches\modules-2\files-2.1\org.hibernate.orm\hibernate-core\6.5.2.Final\e9e0cc47f6cd2b2553968aee66bd9e55e7485221\hibernate-core-6.5.2.Final.jar;C:\Users\asus\.gradle\caches\modules-2\files-2.1\org.springframework.data\spring-data-jpa\3.3.2\cfa9cd077f3f15d0657bbb6d7c8e1c7c7da7e6e2\spring-data-jpa-3.3.2.jar;C:\Users\asus\.gradle\caches\modules-2\files-2.1\org.springframework\spring-aspects\6.1.11\141d92094a460f338aa0999023ca7a25861d49a1\spring-aspects-6.1.11.jar;C:\Users\asus\.gradle\caches\
Launcher Type: SUN_STANDARD

[Global flags]
     intx CICompilerCount                          = 4                                         {product} {ergonomic}
     uint ConcGCThreads                            = 2                                         {product} {ergonomic}
     uint G1ConcRefinementThreads                  = 8                                         {product} {ergonomic}
   size_t G1HeapRegionSize                         = 1048576                                   {product} {ergonomic}
    uintx GCDrainStackTargetSize                   = 64                                        {product} {ergonomic}
   size_t InitialHeapSize                          = 132120576                                 {product} {ergonomic}
     bool ManagementServer                         = true                                      {product} {command line}
   size_t MarkStackSize                            = 4194304                                   {product} {ergonomic}
   size_t MaxHeapSize                              = 2109734912                                {product} {ergonomic}
   size_t MinHeapDeltaBytes                        = 1048576                                   {product} {ergonomic}
   size_t MinHeapSize                              = 8388608                                   {product} {ergonomic}
    uintx NonProfiledCodeHeapSize                  = 0                                      {pd product} {ergonomic}
     bool ProfileInterpreter                       = false                                  {pd product} {command line}
    uintx ProfiledCodeHeapSize                     = 0                                      {pd product} {ergonomic}
   size_t SoftMaxHeapSize                          = 2109734912                             {manageable} {ergonomic}
     intx TieredStopAtLevel                        = 1                                         {product} {command line}
     bool UseCompressedClassPointers               = true                           {product lp64_product} {ergonomic}
     bool UseCompressedOops                        = true                           {product lp64_product} {ergonomic}
     bool UseG1GC                                  = true                                      {product} {ergonomic}
     bool UseLargePagesIndividualAllocation        = false                                  {pd product} {ergonomic}

Logging:
Log output configuration:
 #0: stdout all=warning uptime,level,tags
 #1: stderr all=off uptime,level,tags

Environment Variables:
JAVA_HOME=C:\Program Files\Java\jdk-21
PATH=C:\Program Files\Common Files\Oracle\Java\javapath;C:\Program Files\Common Files\Siemens\Automation\Simatic OAM\bin;C:\Program Files (x86)\Common Files\Intel\Shared Libraries\redist\intel64_win\compiler;C:\WINDOWS\system32;C:\WINDOWS;C:\WINDOWS\System32\Wbem;C:\WINDOWS\System32\WindowsPowerShell\v1.0\;C:\WINDOWS\System32\OpenSSH\;C:\Program Files\Java\jre1.8.0_301\bin;C:\Program Files\Java\jre1.8.0_301\bin;C:\Program Files (x86)\PICC;C:\Program Files\Microsoft SQL Server\150\Tools\Binn\;C:\Program Files\Cloudflare\Cloudflare WARP\;C:\Program Files (x86)\Microsoft SQL Server\160\Tools\Binn\;C:\Program Files\Microsoft SQL Server\160\Tools\Binn\;C:\Program Files\Microsoft SQL Server\Client SDK\ODBC\170\Tools\Binn\;C:\Program Files\Microsoft SQL Server\160\DTS\Binn\;C:\Program Files (x86)\Microsoft SQL Server\160\DTS\Binn\;C:\Program Files\Azure Data Studio\bin;C:\Users\asus\Downloads\apache-tomcat-8.5.34-windows-x64\apache-tomcat-8.5.34\bin;C:\Program Files\Java\jdk-21\bin;C:\Users\asus\Downloads\apache-maven-3.6.0\bin;C:\Program Files\Git\cmd;C:\Users\asus\AppData\Local\Microsoft\WindowsApps;C:\Program Files\Azure Data Studio\bin;C:\Program Files\JetBrains\IntelliJ IDEA 2023.2\bin;;C:\Program Files\JetBrains\WebStorm 2023.3.6\bin;
USERNAME=asus
OS=Windows_NT
PROCESSOR_IDENTIFIER=Intel64 Family 6 Model 158 Stepping 10, GenuineIntel



---------------  S Y S T E M  ---------------

OS:
 Windows 10 , 64 bit Build 19041 (10.0.19041.4597)
OS uptime: 0 days 6:25 hours

CPU: total 8 (initial active 8) (4 cores per cpu, 2 threads per core) family 6 model 158 stepping 10 microcode 0xb4, cx8, cmov, fxsr, ht, mmx, 3dnowpref, sse, sse2, sse3, ssse3, sse4.1, sse4.2, popcnt, lzcnt, tsc, tscinvbit, avx, avx2, aes, erms, clmul, bmi1, bmi2, adx, fma, vzeroupper, clflush, clflushopt

Memory: 4k page, system-wide physical 8043M (419M free)
TotalPageFile size 12139M (AvailPageFile size 103M)
current process WorkingSet (physical memory assigned to process): 10M, peak: 10M
current process commit charge ("private bytes"): 55M, peak: 181M

vm_info: Java HotSpot(TM) 64-Bit Server VM (17.0.10+11-LTS-240) for windows-amd64 JRE (17.0.10+11-LTS-240), built on Dec 19 2023 21:47:25 by "mach5one" with MS VC++ 17.1 (VS2022)

END.
